[0.454s] Invoking command in '/home/eren/ern/projects/ROS-Projects-for-beginers/voice_robot/src/voice_control': DEBUGINFOD_URLS=https://debuginfod.ubuntu.com PYTHONPATH=/home/eren/ern/projects/ROS-Projects-for-beginers/voice_robot/build/voice_control/prefix_override:/usr/lib/python3/dist-packages/colcon_core/task/python/colcon_distutils_commands:/home/eren/ern/projects/ROS-Projects-for-beginers/voice_robot/install/voice_control/lib/python3.12/site-packages:${PYTHONPATH} /usr/bin/python3 -W ignore:setup.py install is deprecated -W ignore:easy_install command is deprecated setup.py egg_info --egg-base ../../build/voice_control build --build-base /home/eren/ern/projects/ROS-Projects-for-beginers/voice_robot/build/voice_control/build install --record /home/eren/ern/projects/ROS-Projects-for-beginers/voice_robot/build/voice_control/install.log --single-version-externally-managed install_data
[0.624s] running egg_info
[0.636s] writing ../../build/voice_control/voice_control.egg-info/PKG-INFO
[0.636s] writing dependency_links to ../../build/voice_control/voice_control.egg-info/dependency_links.txt
[0.636s] writing entry points to ../../build/voice_control/voice_control.egg-info/entry_points.txt
[0.636s] writing requirements to ../../build/voice_control/voice_control.egg-info/requires.txt
[0.636s] writing top-level names to ../../build/voice_control/voice_control.egg-info/top_level.txt
[0.659s] reading manifest file '../../build/voice_control/voice_control.egg-info/SOURCES.txt'
[0.659s] writing manifest file '../../build/voice_control/voice_control.egg-info/SOURCES.txt'
[0.659s] running build
[0.659s] running build_py
[0.659s] copying voice_control/voice_control.py -> /home/eren/ern/projects/ROS-Projects-for-beginers/voice_robot/build/voice_control/build/lib/voice_control
[0.659s] running install
[0.663s] running install_lib
[0.673s] copying /home/eren/ern/projects/ROS-Projects-for-beginers/voice_robot/build/voice_control/build/lib/voice_control/voice_control.py -> /home/eren/ern/projects/ROS-Projects-for-beginers/voice_robot/install/voice_control/lib/python3.12/site-packages/voice_control
[0.674s] byte-compiling /home/eren/ern/projects/ROS-Projects-for-beginers/voice_robot/install/voice_control/lib/python3.12/site-packages/voice_control/voice_control.py to voice_control.cpython-312.pyc
[0.674s] running install_data
[0.674s] running install_egg_info
[0.685s] removing '/home/eren/ern/projects/ROS-Projects-for-beginers/voice_robot/install/voice_control/lib/python3.12/site-packages/voice_control-0.0.0-py3.12.egg-info' (and everything under it)
[0.685s] Copying ../../build/voice_control/voice_control.egg-info to /home/eren/ern/projects/ROS-Projects-for-beginers/voice_robot/install/voice_control/lib/python3.12/site-packages/voice_control-0.0.0-py3.12.egg-info
[0.685s] running install_scripts
[0.754s] Installing voice_control script to /home/eren/ern/projects/ROS-Projects-for-beginers/voice_robot/install/voice_control/lib/voice_control
[0.754s] writing list of installed files to '/home/eren/ern/projects/ROS-Projects-for-beginers/voice_robot/build/voice_control/install.log'
[0.769s] Invoked command in '/home/eren/ern/projects/ROS-Projects-for-beginers/voice_robot/src/voice_control' returned '0': DEBUGINFOD_URLS=https://debuginfod.ubuntu.com PYTHONPATH=/home/eren/ern/projects/ROS-Projects-for-beginers/voice_robot/build/voice_control/prefix_override:/usr/lib/python3/dist-packages/colcon_core/task/python/colcon_distutils_commands:/home/eren/ern/projects/ROS-Projects-for-beginers/voice_robot/install/voice_control/lib/python3.12/site-packages:${PYTHONPATH} /usr/bin/python3 -W ignore:setup.py install is deprecated -W ignore:easy_install command is deprecated setup.py egg_info --egg-base ../../build/voice_control build --build-base /home/eren/ern/projects/ROS-Projects-for-beginers/voice_robot/build/voice_control/build install --record /home/eren/ern/projects/ROS-Projects-for-beginers/voice_robot/build/voice_control/install.log --single-version-externally-managed install_data
