running egg_info
creating ../../build/yolo_detector/yolo_detector.egg-info
writing ../../build/yolo_detector/yolo_detector.egg-info/PKG-INFO
writing dependency_links to ../../build/yolo_detector/yolo_detector.egg-info/dependency_links.txt
writing entry points to ../../build/yolo_detector/yolo_detector.egg-info/entry_points.txt
writing requirements to ../../build/yolo_detector/yolo_detector.egg-info/requires.txt
writing top-level names to ../../build/yolo_detector/yolo_detector.egg-info/top_level.txt
writing manifest file '../../build/yolo_detector/yolo_detector.egg-info/SOURCES.txt'
reading manifest file '../../build/yolo_detector/yolo_detector.egg-info/SOURCES.txt'
writing manifest file '../../build/yolo_detector/yolo_detector.egg-info/SOURCES.txt'
running build
running build_py
creating /home/eren/ern/projects/ROS-Projects-for-beginers/yolo_bot/build/yolo_detector/build
creating /home/eren/ern/projects/ROS-Projects-for-beginers/yolo_bot/build/yolo_detector/build/lib
creating /home/eren/ern/projects/ROS-Projects-for-beginers/yolo_bot/build/yolo_detector/build/lib/yolo_detector
copying yolo_detector/yolo_detector.py -> /home/eren/ern/projects/ROS-Projects-for-beginers/yolo_bot/build/yolo_detector/build/lib/yolo_detector
copying yolo_detector/__init__.py -> /home/eren/ern/projects/ROS-Projects-for-beginers/yolo_bot/build/yolo_detector/build/lib/yolo_detector
running install
running install_lib
creating /home/eren/ern/projects/ROS-Projects-for-beginers/yolo_bot/install/yolo_detector/lib/python3.12/site-packages/yolo_detector
copying /home/eren/ern/projects/ROS-Projects-for-beginers/yolo_bot/build/yolo_detector/build/lib/yolo_detector/yolo_detector.py -> /home/eren/ern/projects/ROS-Projects-for-beginers/yolo_bot/install/yolo_detector/lib/python3.12/site-packages/yolo_detector
copying /home/eren/ern/projects/ROS-Projects-for-beginers/yolo_bot/build/yolo_detector/build/lib/yolo_detector/__init__.py -> /home/eren/ern/projects/ROS-Projects-for-beginers/yolo_bot/install/yolo_detector/lib/python3.12/site-packages/yolo_detector
byte-compiling /home/eren/ern/projects/ROS-Projects-for-beginers/yolo_bot/install/yolo_detector/lib/python3.12/site-packages/yolo_detector/yolo_detector.py to yolo_detector.cpython-312.pyc
byte-compiling /home/eren/ern/projects/ROS-Projects-for-beginers/yolo_bot/install/yolo_detector/lib/python3.12/site-packages/yolo_detector/__init__.py to __init__.cpython-312.pyc
running install_data
creating /home/eren/ern/projects/ROS-Projects-for-beginers/yolo_bot/install/yolo_detector/share/ament_index
creating /home/eren/ern/projects/ROS-Projects-for-beginers/yolo_bot/install/yolo_detector/share/ament_index/resource_index
creating /home/eren/ern/projects/ROS-Projects-for-beginers/yolo_bot/install/yolo_detector/share/ament_index/resource_index/packages
copying resource/yolo_detector -> /home/eren/ern/projects/ROS-Projects-for-beginers/yolo_bot/install/yolo_detector/share/ament_index/resource_index/packages
copying package.xml -> /home/eren/ern/projects/ROS-Projects-for-beginers/yolo_bot/install/yolo_detector/share/yolo_detector
running install_egg_info
Copying ../../build/yolo_detector/yolo_detector.egg-info to /home/eren/ern/projects/ROS-Projects-for-beginers/yolo_bot/install/yolo_detector/lib/python3.12/site-packages/yolo_detector-0.0.0-py3.12.egg-info
running install_scripts
Installing yolo_detector script to /home/eren/ern/projects/ROS-Projects-for-beginers/yolo_bot/install/yolo_detector/lib/yolo_detector
writing list of installed files to '/home/eren/ern/projects/ROS-Projects-for-beginers/yolo_bot/build/yolo_detector/install.log'
