[0.510s] Invoking command in '/home/eren/ern/projects/ROS-Projects-for-beginers/yolo_bot/src/yolo_detector': DEBUGINFOD_URLS=https://debuginfod.ubuntu.com PYTHONPATH=/home/eren/ern/projects/ROS-Projects-for-beginers/yolo_bot/build/yolo_detector/prefix_override:/usr/lib/python3/dist-packages/colcon_core/task/python/colcon_distutils_commands:/home/eren/ern/projects/ROS-Projects-for-beginers/yolo_bot/install/yolo_detector/lib/python3.12/site-packages:${PYTHONPATH} /usr/bin/python3 -W ignore:setup.py install is deprecated -W ignore:easy_install command is deprecated setup.py egg_info --egg-base ../../build/yolo_detector build --build-base /home/eren/ern/projects/ROS-Projects-for-beginers/yolo_bot/build/yolo_detector/build install --record /home/eren/ern/projects/ROS-Projects-for-beginers/yolo_bot/build/yolo_detector/install.log --single-version-externally-managed install_data
[0.650s] running egg_info
[0.650s] creating ../../build/yolo_detector/yolo_detector.egg-info
[0.659s] writing ../../build/yolo_detector/yolo_detector.egg-info/PKG-INFO
[0.659s] writing dependency_links to ../../build/yolo_detector/yolo_detector.egg-info/dependency_links.txt
[0.659s] writing entry points to ../../build/yolo_detector/yolo_detector.egg-info/entry_points.txt
[0.659s] writing requirements to ../../build/yolo_detector/yolo_detector.egg-info/requires.txt
[0.659s] writing top-level names to ../../build/yolo_detector/yolo_detector.egg-info/top_level.txt
[0.659s] writing manifest file '../../build/yolo_detector/yolo_detector.egg-info/SOURCES.txt'
[0.678s] reading manifest file '../../build/yolo_detector/yolo_detector.egg-info/SOURCES.txt'
[0.678s] writing manifest file '../../build/yolo_detector/yolo_detector.egg-info/SOURCES.txt'
[0.678s] running build
[0.678s] running build_py
[0.678s] creating /home/eren/ern/projects/ROS-Projects-for-beginers/yolo_bot/build/yolo_detector/build
[0.679s] creating /home/eren/ern/projects/ROS-Projects-for-beginers/yolo_bot/build/yolo_detector/build/lib
[0.679s] creating /home/eren/ern/projects/ROS-Projects-for-beginers/yolo_bot/build/yolo_detector/build/lib/yolo_detector
[0.679s] copying yolo_detector/yolo_detector.py -> /home/eren/ern/projects/ROS-Projects-for-beginers/yolo_bot/build/yolo_detector/build/lib/yolo_detector
[0.679s] copying yolo_detector/__init__.py -> /home/eren/ern/projects/ROS-Projects-for-beginers/yolo_bot/build/yolo_detector/build/lib/yolo_detector
[0.679s] running install
[0.682s] running install_lib
[0.691s] creating /home/eren/ern/projects/ROS-Projects-for-beginers/yolo_bot/install/yolo_detector/lib/python3.12/site-packages/yolo_detector
[0.691s] copying /home/eren/ern/projects/ROS-Projects-for-beginers/yolo_bot/build/yolo_detector/build/lib/yolo_detector/yolo_detector.py -> /home/eren/ern/projects/ROS-Projects-for-beginers/yolo_bot/install/yolo_detector/lib/python3.12/site-packages/yolo_detector
[0.692s] copying /home/eren/ern/projects/ROS-Projects-for-beginers/yolo_bot/build/yolo_detector/build/lib/yolo_detector/__init__.py -> /home/eren/ern/projects/ROS-Projects-for-beginers/yolo_bot/install/yolo_detector/lib/python3.12/site-packages/yolo_detector
[0.692s] byte-compiling /home/eren/ern/projects/ROS-Projects-for-beginers/yolo_bot/install/yolo_detector/lib/python3.12/site-packages/yolo_detector/yolo_detector.py to yolo_detector.cpython-312.pyc
[0.692s] byte-compiling /home/eren/ern/projects/ROS-Projects-for-beginers/yolo_bot/install/yolo_detector/lib/python3.12/site-packages/yolo_detector/__init__.py to __init__.cpython-312.pyc
[0.692s] running install_data
[0.692s] creating /home/eren/ern/projects/ROS-Projects-for-beginers/yolo_bot/install/yolo_detector/share/ament_index
[0.692s] creating /home/eren/ern/projects/ROS-Projects-for-beginers/yolo_bot/install/yolo_detector/share/ament_index/resource_index
[0.692s] creating /home/eren/ern/projects/ROS-Projects-for-beginers/yolo_bot/install/yolo_detector/share/ament_index/resource_index/packages
[0.692s] copying resource/yolo_detector -> /home/eren/ern/projects/ROS-Projects-for-beginers/yolo_bot/install/yolo_detector/share/ament_index/resource_index/packages
[0.693s] copying package.xml -> /home/eren/ern/projects/ROS-Projects-for-beginers/yolo_bot/install/yolo_detector/share/yolo_detector
[0.693s] running install_egg_info
[0.702s] Copying ../../build/yolo_detector/yolo_detector.egg-info to /home/eren/ern/projects/ROS-Projects-for-beginers/yolo_bot/install/yolo_detector/lib/python3.12/site-packages/yolo_detector-0.0.0-py3.12.egg-info
[0.703s] running install_scripts
[0.768s] Installing yolo_detector script to /home/eren/ern/projects/ROS-Projects-for-beginers/yolo_bot/install/yolo_detector/lib/yolo_detector
[0.768s] writing list of installed files to '/home/eren/ern/projects/ROS-Projects-for-beginers/yolo_bot/build/yolo_detector/install.log'
[0.783s] Invoked command in '/home/eren/ern/projects/ROS-Projects-for-beginers/yolo_bot/src/yolo_detector' returned '0': DEBUGINFOD_URLS=https://debuginfod.ubuntu.com PYTHONPATH=/home/eren/ern/projects/ROS-Projects-for-beginers/yolo_bot/build/yolo_detector/prefix_override:/usr/lib/python3/dist-packages/colcon_core/task/python/colcon_distutils_commands:/home/eren/ern/projects/ROS-Projects-for-beginers/yolo_bot/install/yolo_detector/lib/python3.12/site-packages:${PYTHONPATH} /usr/bin/python3 -W ignore:setup.py install is deprecated -W ignore:easy_install command is deprecated setup.py egg_info --egg-base ../../build/yolo_detector build --build-base /home/eren/ern/projects/ROS-Projects-for-beginers/yolo_bot/build/yolo_detector/build install --record /home/eren/ern/projects/ROS-Projects-for-beginers/yolo_bot/build/yolo_detector/install.log --single-version-externally-managed install_data
