[0.072s] DEBUG:colcon:Command line arguments: ['/usr/bin/colcon', 'build']
[0.073s] DEBUG:colcon:Parsed command line arguments: Namespace(log_base=None, log_level=None, verb_name='build', build_base='build', install_base='install', merge_install=False, symlink_install=False, test_result_base=None, continue_on_error=False, executor='parallel', parallel_workers=20, event_handlers=None, ignore_user_meta=False, metas=['./colcon.meta'], base_paths=['.'], packages_ignore=None, packages_ignore_regex=None, paths=None, packages_up_to=None, packages_up_to_regex=None, packages_above=None, packages_above_and_dependencies=None, packages_above_depth=None, packages_select_by_dep=None, packages_skip_by_dep=None, packages_skip_up_to=None, packages_select_build_failed=False, packages_skip_build_finished=False, packages_select_test_failures=False, packages_skip_test_passed=False, packages_select=None, packages_skip=None, packages_select_regex=None, packages_skip_regex=None, packages_start=None, packages_end=None, allow_overriding=[], cmake_args=None, cmake_target=None, cmake_target_skip_unavailable=False, cmake_clean_cache=False, cmake_clean_first=False, cmake_force_configure=False, ament_cmake_args=None, catkin_cmake_args=None, catkin_skip_building_tests=False, mixin_files=None, mixin=None, verb_parser=<colcon_mixin.mixin.mixin_argument.MixinArgumentDecorator object at 0x73e7ae394f20>, verb_extension=<colcon_core.verb.build.BuildVerb object at 0x73e7ae36fbf0>, main=<bound method BuildVerb.main of <colcon_core.verb.build.BuildVerb object at 0x73e7ae36fbf0>>, mixin_verb=('build',))
[0.104s] Level 1:colcon.colcon_core.package_discovery:discover_packages(colcon_meta) check parameters
[0.104s] Level 1:colcon.colcon_core.package_discovery:discover_packages(recursive) check parameters
[0.105s] Level 1:colcon.colcon_core.package_discovery:discover_packages(ignore) check parameters
[0.105s] Level 1:colcon.colcon_core.package_discovery:discover_packages(path) check parameters
[0.105s] Level 1:colcon.colcon_core.package_discovery:discover_packages(colcon_meta) discover
[0.105s] Level 1:colcon.colcon_core.package_discovery:discover_packages(recursive) discover
[0.105s] INFO:colcon.colcon_core.package_discovery:Crawling recursively for packages in '/home/eren/ern/projects/ROS-Projects-for-beginers/yolo_bot'
[0.105s] Level 1:colcon.colcon_core.package_identification:_identify(.) by extensions ['ignore', 'ignore_ament_install']
[0.105s] Level 1:colcon.colcon_core.package_identification:_identify(.) by extension 'ignore'
[0.105s] Level 1:colcon.colcon_core.package_identification:_identify(.) by extension 'ignore_ament_install'
[0.105s] Level 1:colcon.colcon_core.package_identification:_identify(.) by extensions ['colcon_pkg']
[0.105s] Level 1:colcon.colcon_core.package_identification:_identify(.) by extension 'colcon_pkg'
[0.105s] Level 1:colcon.colcon_core.package_identification:_identify(.) by extensions ['colcon_meta']
[0.105s] Level 1:colcon.colcon_core.package_identification:_identify(.) by extension 'colcon_meta'
[0.105s] Level 1:colcon.colcon_core.package_identification:_identify(.) by extensions ['ros']
[0.105s] Level 1:colcon.colcon_core.package_identification:_identify(.) by extension 'ros'
[0.120s] Level 1:colcon.colcon_core.package_identification:_identify(.) by extensions ['cmake', 'python']
[0.120s] Level 1:colcon.colcon_core.package_identification:_identify(.) by extension 'cmake'
[0.120s] Level 1:colcon.colcon_core.package_identification:_identify(.) by extension 'python'
[0.120s] Level 1:colcon.colcon_core.package_identification:_identify(.) by extensions ['python_setup_py']
[0.120s] Level 1:colcon.colcon_core.package_identification:_identify(.) by extension 'python_setup_py'
[0.120s] Level 1:colcon.colcon_core.package_identification:_identify(build) by extensions ['ignore', 'ignore_ament_install']
[0.120s] Level 1:colcon.colcon_core.package_identification:_identify(build) by extension 'ignore'
[0.120s] Level 1:colcon.colcon_core.package_identification:_identify(build) ignored
[0.120s] Level 1:colcon.colcon_core.package_identification:_identify(install) by extensions ['ignore', 'ignore_ament_install']
[0.120s] Level 1:colcon.colcon_core.package_identification:_identify(install) by extension 'ignore'
[0.120s] Level 1:colcon.colcon_core.package_identification:_identify(install) ignored
[0.120s] Level 1:colcon.colcon_core.package_identification:_identify(log) by extensions ['ignore', 'ignore_ament_install']
[0.120s] Level 1:colcon.colcon_core.package_identification:_identify(log) by extension 'ignore'
[0.120s] Level 1:colcon.colcon_core.package_identification:_identify(log) ignored
[0.120s] Level 1:colcon.colcon_core.package_identification:_identify(src) by extensions ['ignore', 'ignore_ament_install']
[0.120s] Level 1:colcon.colcon_core.package_identification:_identify(src) by extension 'ignore'
[0.120s] Level 1:colcon.colcon_core.package_identification:_identify(src) by extension 'ignore_ament_install'
[0.120s] Level 1:colcon.colcon_core.package_identification:_identify(src) by extensions ['colcon_pkg']
[0.120s] Level 1:colcon.colcon_core.package_identification:_identify(src) by extension 'colcon_pkg'
[0.120s] Level 1:colcon.colcon_core.package_identification:_identify(src) by extensions ['colcon_meta']
[0.120s] Level 1:colcon.colcon_core.package_identification:_identify(src) by extension 'colcon_meta'
[0.120s] Level 1:colcon.colcon_core.package_identification:_identify(src) by extensions ['ros']
[0.120s] Level 1:colcon.colcon_core.package_identification:_identify(src) by extension 'ros'
[0.120s] Level 1:colcon.colcon_core.package_identification:_identify(src) by extensions ['cmake', 'python']
[0.120s] Level 1:colcon.colcon_core.package_identification:_identify(src) by extension 'cmake'
[0.120s] Level 1:colcon.colcon_core.package_identification:_identify(src) by extension 'python'
[0.120s] Level 1:colcon.colcon_core.package_identification:_identify(src) by extensions ['python_setup_py']
[0.120s] Level 1:colcon.colcon_core.package_identification:_identify(src) by extension 'python_setup_py'
[0.120s] Level 1:colcon.colcon_core.package_identification:_identify(src/kasva_sekli) by extensions ['ignore', 'ignore_ament_install']
[0.120s] Level 1:colcon.colcon_core.package_identification:_identify(src/kasva_sekli) by extension 'ignore'
[0.120s] Level 1:colcon.colcon_core.package_identification:_identify(src/kasva_sekli) by extension 'ignore_ament_install'
[0.120s] Level 1:colcon.colcon_core.package_identification:_identify(src/kasva_sekli) by extensions ['colcon_pkg']
[0.120s] Level 1:colcon.colcon_core.package_identification:_identify(src/kasva_sekli) by extension 'colcon_pkg'
[0.120s] Level 1:colcon.colcon_core.package_identification:_identify(src/kasva_sekli) by extensions ['colcon_meta']
[0.121s] Level 1:colcon.colcon_core.package_identification:_identify(src/kasva_sekli) by extension 'colcon_meta'
[0.121s] Level 1:colcon.colcon_core.package_identification:_identify(src/kasva_sekli) by extensions ['ros']
[0.121s] Level 1:colcon.colcon_core.package_identification:_identify(src/kasva_sekli) by extension 'ros'
[0.122s] DEBUG:colcon.colcon_core.package_identification:Package 'src/kasva_sekli' with type 'ros.ament_cmake' and name 'kasva_sekli'
[0.122s] Level 1:colcon.colcon_core.package_identification:_identify(src/yolo_detector) by extensions ['ignore', 'ignore_ament_install']
[0.122s] Level 1:colcon.colcon_core.package_identification:_identify(src/yolo_detector) by extension 'ignore'
[0.122s] Level 1:colcon.colcon_core.package_identification:_identify(src/yolo_detector) by extension 'ignore_ament_install'
[0.122s] Level 1:colcon.colcon_core.package_identification:_identify(src/yolo_detector) by extensions ['colcon_pkg']
[0.122s] Level 1:colcon.colcon_core.package_identification:_identify(src/yolo_detector) by extension 'colcon_pkg'
[0.122s] Level 1:colcon.colcon_core.package_identification:_identify(src/yolo_detector) by extensions ['colcon_meta']
[0.122s] Level 1:colcon.colcon_core.package_identification:_identify(src/yolo_detector) by extension 'colcon_meta'
[0.122s] Level 1:colcon.colcon_core.package_identification:_identify(src/yolo_detector) by extensions ['ros']
[0.122s] Level 1:colcon.colcon_core.package_identification:_identify(src/yolo_detector) by extension 'ros'
[0.123s] DEBUG:colcon.colcon_core.package_identification:Package 'src/yolo_detector' with type 'ros.ament_python' and name 'yolo_detector'
[0.123s] Level 1:colcon.colcon_core.package_discovery:discover_packages(recursive) using defaults
[0.123s] Level 1:colcon.colcon_core.package_discovery:discover_packages(ignore) discover
[0.123s] Level 1:colcon.colcon_core.package_discovery:discover_packages(ignore) using defaults
[0.123s] Level 1:colcon.colcon_core.package_discovery:discover_packages(path) discover
[0.123s] Level 1:colcon.colcon_core.package_discovery:discover_packages(path) using defaults
[0.134s] Level 1:colcon.colcon_core.package_discovery:discover_packages(prefix_path) check parameters
[0.135s] Level 1:colcon.colcon_core.package_discovery:discover_packages(prefix_path) discover
[0.136s] DEBUG:colcon.colcon_installed_package_information.package_discovery:Found 2 installed packages in /home/eren/ern/projects/ROS-Projects-for-beginers/yolo_bot/install
[0.136s] DEBUG:colcon.colcon_installed_package_information.package_discovery:Found 367 installed packages in /opt/ros/jazzy
[0.137s] Level 1:colcon.colcon_core.package_discovery:discover_packages(prefix_path) using defaults
[0.161s] Level 5:colcon.colcon_core.verb:set package 'kasva_sekli' build argument 'cmake_args' from command line to 'None'
[0.161s] Level 5:colcon.colcon_core.verb:set package 'kasva_sekli' build argument 'cmake_target' from command line to 'None'
[0.161s] Level 5:colcon.colcon_core.verb:set package 'kasva_sekli' build argument 'cmake_target_skip_unavailable' from command line to 'False'
[0.161s] Level 5:colcon.colcon_core.verb:set package 'kasva_sekli' build argument 'cmake_clean_cache' from command line to 'False'
[0.161s] Level 5:colcon.colcon_core.verb:set package 'kasva_sekli' build argument 'cmake_clean_first' from command line to 'False'
[0.161s] Level 5:colcon.colcon_core.verb:set package 'kasva_sekli' build argument 'cmake_force_configure' from command line to 'False'
[0.161s] Level 5:colcon.colcon_core.verb:set package 'kasva_sekli' build argument 'ament_cmake_args' from command line to 'None'
[0.161s] Level 5:colcon.colcon_core.verb:set package 'kasva_sekli' build argument 'catkin_cmake_args' from command line to 'None'
[0.161s] Level 5:colcon.colcon_core.verb:set package 'kasva_sekli' build argument 'catkin_skip_building_tests' from command line to 'False'
[0.161s] DEBUG:colcon.colcon_core.verb:Building package 'kasva_sekli' with the following arguments: {'ament_cmake_args': None, 'build_base': '/home/eren/ern/projects/ROS-Projects-for-beginers/yolo_bot/build/kasva_sekli', 'catkin_cmake_args': None, 'catkin_skip_building_tests': False, 'cmake_args': None, 'cmake_clean_cache': False, 'cmake_clean_first': False, 'cmake_force_configure': False, 'cmake_target': None, 'cmake_target_skip_unavailable': False, 'install_base': '/home/eren/ern/projects/ROS-Projects-for-beginers/yolo_bot/install/kasva_sekli', 'merge_install': False, 'path': '/home/eren/ern/projects/ROS-Projects-for-beginers/yolo_bot/src/kasva_sekli', 'symlink_install': False, 'test_result_base': None}
[0.161s] Level 5:colcon.colcon_core.verb:set package 'yolo_detector' build argument 'cmake_args' from command line to 'None'
[0.161s] Level 5:colcon.colcon_core.verb:set package 'yolo_detector' build argument 'cmake_target' from command line to 'None'
[0.161s] Level 5:colcon.colcon_core.verb:set package 'yolo_detector' build argument 'cmake_target_skip_unavailable' from command line to 'False'
[0.161s] Level 5:colcon.colcon_core.verb:set package 'yolo_detector' build argument 'cmake_clean_cache' from command line to 'False'
[0.161s] Level 5:colcon.colcon_core.verb:set package 'yolo_detector' build argument 'cmake_clean_first' from command line to 'False'
[0.161s] Level 5:colcon.colcon_core.verb:set package 'yolo_detector' build argument 'cmake_force_configure' from command line to 'False'
[0.161s] Level 5:colcon.colcon_core.verb:set package 'yolo_detector' build argument 'ament_cmake_args' from command line to 'None'
[0.161s] Level 5:colcon.colcon_core.verb:set package 'yolo_detector' build argument 'catkin_cmake_args' from command line to 'None'
[0.161s] Level 5:colcon.colcon_core.verb:set package 'yolo_detector' build argument 'catkin_skip_building_tests' from command line to 'False'
[0.161s] DEBUG:colcon.colcon_core.verb:Building package 'yolo_detector' with the following arguments: {'ament_cmake_args': None, 'build_base': '/home/eren/ern/projects/ROS-Projects-for-beginers/yolo_bot/build/yolo_detector', 'catkin_cmake_args': None, 'catkin_skip_building_tests': False, 'cmake_args': None, 'cmake_clean_cache': False, 'cmake_clean_first': False, 'cmake_force_configure': False, 'cmake_target': None, 'cmake_target_skip_unavailable': False, 'install_base': '/home/eren/ern/projects/ROS-Projects-for-beginers/yolo_bot/install/yolo_detector', 'merge_install': False, 'path': '/home/eren/ern/projects/ROS-Projects-for-beginers/yolo_bot/src/yolo_detector', 'symlink_install': False, 'test_result_base': None}
[0.161s] INFO:colcon.colcon_core.executor:Executing jobs using 'parallel' executor
[0.162s] DEBUG:colcon.colcon_parallel_executor.executor.parallel:run_until_complete
[0.162s] INFO:colcon.colcon_ros.task.ament_cmake.build:Building ROS package in '/home/eren/ern/projects/ROS-Projects-for-beginers/yolo_bot/src/kasva_sekli' with build type 'ament_cmake'
[0.162s] INFO:colcon.colcon_cmake.task.cmake.build:Building CMake package in '/home/eren/ern/projects/ROS-Projects-for-beginers/yolo_bot/src/kasva_sekli'
[0.164s] INFO:colcon.colcon_core.plugin_system:Skipping extension 'colcon_core.shell.bat': Not used on non-Windows systems
[0.164s] INFO:colcon.colcon_core.shell:Skip shell extension 'powershell' for command environment: Not usable outside of PowerShell
[0.164s] DEBUG:colcon.colcon_core.shell:Skip shell extension 'dsv' for command environment
[0.167s] INFO:colcon.colcon_ros.task.ament_python.build:Building ROS package in '/home/eren/ern/projects/ROS-Projects-for-beginers/yolo_bot/src/yolo_detector' with build type 'ament_python'
[0.167s] Level 1:colcon.colcon_core.shell:create_environment_hook('yolo_detector', 'ament_prefix_path')
[0.167s] INFO:colcon.colcon_core.shell:Creating environment hook '/home/eren/ern/projects/ROS-Projects-for-beginers/yolo_bot/install/yolo_detector/share/yolo_detector/hook/ament_prefix_path.ps1'
[0.168s] INFO:colcon.colcon_core.shell:Creating environment descriptor '/home/eren/ern/projects/ROS-Projects-for-beginers/yolo_bot/install/yolo_detector/share/yolo_detector/hook/ament_prefix_path.dsv'
[0.168s] INFO:colcon.colcon_core.shell:Creating environment hook '/home/eren/ern/projects/ROS-Projects-for-beginers/yolo_bot/install/yolo_detector/share/yolo_detector/hook/ament_prefix_path.sh'
[0.169s] INFO:colcon.colcon_core.shell:Skip shell extension 'powershell' for command environment: Not usable outside of PowerShell
[0.169s] DEBUG:colcon.colcon_core.shell:Skip shell extension 'dsv' for command environment
[0.173s] DEBUG:colcon.colcon_core.event_handler.log_command:Invoking command in '/home/eren/ern/projects/ROS-Projects-for-beginers/yolo_bot/build/kasva_sekli': CMAKE_PREFIX_PATH=${CMAKE_PREFIX_PATH}:/home/eren/ern/projects/ROS-Projects-for-beginers/yolo_bot/install/yolo_detector:/opt/ros/jazzy DEBUGINFOD_URLS=https://debuginfod.ubuntu.com /usr/bin/cmake --build /home/eren/ern/projects/ROS-Projects-for-beginers/yolo_bot/build/kasva_sekli -- -j20 -l20
[0.300s] INFO:colcon.colcon_core.task.python.build:Building Python package in '/home/eren/ern/projects/ROS-Projects-for-beginers/yolo_bot/src/yolo_detector'
[0.300s] INFO:colcon.colcon_core.shell:Skip shell extension 'powershell' for command environment: Not usable outside of PowerShell
[0.300s] DEBUG:colcon.colcon_core.shell:Skip shell extension 'dsv' for command environment
[0.303s] DEBUG:colcon.colcon_core.event_handler.log_command:Invoked command in '/home/eren/ern/projects/ROS-Projects-for-beginers/yolo_bot/build/kasva_sekli' returned '0': CMAKE_PREFIX_PATH=${CMAKE_PREFIX_PATH}:/home/eren/ern/projects/ROS-Projects-for-beginers/yolo_bot/install/yolo_detector:/opt/ros/jazzy DEBUGINFOD_URLS=https://debuginfod.ubuntu.com /usr/bin/cmake --build /home/eren/ern/projects/ROS-Projects-for-beginers/yolo_bot/build/kasva_sekli -- -j20 -l20
[0.312s] DEBUG:colcon.colcon_core.event_handler.log_command:Invoking command in '/home/eren/ern/projects/ROS-Projects-for-beginers/yolo_bot/build/kasva_sekli': CMAKE_PREFIX_PATH=${CMAKE_PREFIX_PATH}:/home/eren/ern/projects/ROS-Projects-for-beginers/yolo_bot/install/yolo_detector:/opt/ros/jazzy DEBUGINFOD_URLS=https://debuginfod.ubuntu.com /usr/bin/cmake --install /home/eren/ern/projects/ROS-Projects-for-beginers/yolo_bot/build/kasva_sekli
[0.320s] Level 1:colcon.colcon_core.environment:create_environment_scripts_only(kasva_sekli)
[0.321s] DEBUG:colcon.colcon_core.event_handler.log_command:Invoked command in '/home/eren/ern/projects/ROS-Projects-for-beginers/yolo_bot/build/kasva_sekli' returned '0': CMAKE_PREFIX_PATH=${CMAKE_PREFIX_PATH}:/home/eren/ern/projects/ROS-Projects-for-beginers/yolo_bot/install/yolo_detector:/opt/ros/jazzy DEBUGINFOD_URLS=https://debuginfod.ubuntu.com /usr/bin/cmake --install /home/eren/ern/projects/ROS-Projects-for-beginers/yolo_bot/build/kasva_sekli
[0.323s] Level 1:colcon.colcon_core.environment:checking '/home/eren/ern/projects/ROS-Projects-for-beginers/yolo_bot/install/kasva_sekli' for CMake module files
[0.323s] Level 1:colcon.colcon_core.environment:checking '/home/eren/ern/projects/ROS-Projects-for-beginers/yolo_bot/install/kasva_sekli' for CMake config files
[0.323s] Level 1:colcon.colcon_core.shell:create_environment_hook('kasva_sekli', 'cmake_prefix_path')
[0.323s] INFO:colcon.colcon_core.shell:Creating environment hook '/home/eren/ern/projects/ROS-Projects-for-beginers/yolo_bot/install/kasva_sekli/share/kasva_sekli/hook/cmake_prefix_path.ps1'
[0.323s] INFO:colcon.colcon_core.shell:Creating environment descriptor '/home/eren/ern/projects/ROS-Projects-for-beginers/yolo_bot/install/kasva_sekli/share/kasva_sekli/hook/cmake_prefix_path.dsv'
[0.323s] INFO:colcon.colcon_core.shell:Creating environment hook '/home/eren/ern/projects/ROS-Projects-for-beginers/yolo_bot/install/kasva_sekli/share/kasva_sekli/hook/cmake_prefix_path.sh'
[0.324s] Level 1:colcon.colcon_core.environment:checking '/home/eren/ern/projects/ROS-Projects-for-beginers/yolo_bot/install/kasva_sekli/bin'
[0.324s] Level 1:colcon.colcon_core.environment:checking '/home/eren/ern/projects/ROS-Projects-for-beginers/yolo_bot/install/kasva_sekli/lib/pkgconfig/kasva_sekli.pc'
[0.324s] Level 1:colcon.colcon_core.environment:checking '/home/eren/ern/projects/ROS-Projects-for-beginers/yolo_bot/install/kasva_sekli/lib/python3.12/site-packages'
[0.324s] Level 1:colcon.colcon_core.environment:checking '/home/eren/ern/projects/ROS-Projects-for-beginers/yolo_bot/install/kasva_sekli/bin'
[0.324s] INFO:colcon.colcon_core.shell:Creating package script '/home/eren/ern/projects/ROS-Projects-for-beginers/yolo_bot/install/kasva_sekli/share/kasva_sekli/package.ps1'
[0.325s] INFO:colcon.colcon_core.shell:Creating package descriptor '/home/eren/ern/projects/ROS-Projects-for-beginers/yolo_bot/install/kasva_sekli/share/kasva_sekli/package.dsv'
[0.325s] INFO:colcon.colcon_core.shell:Creating package script '/home/eren/ern/projects/ROS-Projects-for-beginers/yolo_bot/install/kasva_sekli/share/kasva_sekli/package.sh'
[0.326s] INFO:colcon.colcon_core.shell:Creating package script '/home/eren/ern/projects/ROS-Projects-for-beginers/yolo_bot/install/kasva_sekli/share/kasva_sekli/package.bash'
[0.326s] INFO:colcon.colcon_core.shell:Creating package script '/home/eren/ern/projects/ROS-Projects-for-beginers/yolo_bot/install/kasva_sekli/share/kasva_sekli/package.zsh'
[0.327s] Level 1:colcon.colcon_core.environment:create_file_with_runtime_dependencies(/home/eren/ern/projects/ROS-Projects-for-beginers/yolo_bot/install/kasva_sekli/share/colcon-core/packages/kasva_sekli)
[0.327s] Level 1:colcon.colcon_core.environment:create_environment_scripts_only(kasva_sekli)
[0.327s] Level 1:colcon.colcon_core.environment:checking '/home/eren/ern/projects/ROS-Projects-for-beginers/yolo_bot/install/kasva_sekli' for CMake module files
[0.327s] Level 1:colcon.colcon_core.environment:checking '/home/eren/ern/projects/ROS-Projects-for-beginers/yolo_bot/install/kasva_sekli' for CMake config files
[0.327s] Level 1:colcon.colcon_core.shell:create_environment_hook('kasva_sekli', 'cmake_prefix_path')
[0.327s] INFO:colcon.colcon_core.shell:Creating environment hook '/home/eren/ern/projects/ROS-Projects-for-beginers/yolo_bot/install/kasva_sekli/share/kasva_sekli/hook/cmake_prefix_path.ps1'
[0.328s] INFO:colcon.colcon_core.shell:Creating environment descriptor '/home/eren/ern/projects/ROS-Projects-for-beginers/yolo_bot/install/kasva_sekli/share/kasva_sekli/hook/cmake_prefix_path.dsv'
[0.328s] INFO:colcon.colcon_core.shell:Creating environment hook '/home/eren/ern/projects/ROS-Projects-for-beginers/yolo_bot/install/kasva_sekli/share/kasva_sekli/hook/cmake_prefix_path.sh'
[0.328s] Level 1:colcon.colcon_core.environment:checking '/home/eren/ern/projects/ROS-Projects-for-beginers/yolo_bot/install/kasva_sekli/bin'
[0.328s] Level 1:colcon.colcon_core.environment:checking '/home/eren/ern/projects/ROS-Projects-for-beginers/yolo_bot/install/kasva_sekli/lib/pkgconfig/kasva_sekli.pc'
[0.328s] Level 1:colcon.colcon_core.environment:checking '/home/eren/ern/projects/ROS-Projects-for-beginers/yolo_bot/install/kasva_sekli/lib/python3.12/site-packages'
[0.328s] Level 1:colcon.colcon_core.environment:checking '/home/eren/ern/projects/ROS-Projects-for-beginers/yolo_bot/install/kasva_sekli/bin'
[0.329s] INFO:colcon.colcon_core.shell:Creating package script '/home/eren/ern/projects/ROS-Projects-for-beginers/yolo_bot/install/kasva_sekli/share/kasva_sekli/package.ps1'
[0.329s] INFO:colcon.colcon_core.shell:Creating package descriptor '/home/eren/ern/projects/ROS-Projects-for-beginers/yolo_bot/install/kasva_sekli/share/kasva_sekli/package.dsv'
[0.329s] INFO:colcon.colcon_core.shell:Creating package script '/home/eren/ern/projects/ROS-Projects-for-beginers/yolo_bot/install/kasva_sekli/share/kasva_sekli/package.sh'
[0.329s] INFO:colcon.colcon_core.shell:Creating package script '/home/eren/ern/projects/ROS-Projects-for-beginers/yolo_bot/install/kasva_sekli/share/kasva_sekli/package.bash'
[0.329s] INFO:colcon.colcon_core.shell:Creating package script '/home/eren/ern/projects/ROS-Projects-for-beginers/yolo_bot/install/kasva_sekli/share/kasva_sekli/package.zsh'
[0.330s] Level 1:colcon.colcon_core.environment:create_file_with_runtime_dependencies(/home/eren/ern/projects/ROS-Projects-for-beginers/yolo_bot/install/kasva_sekli/share/colcon-core/packages/kasva_sekli)
[0.717s] DEBUG:colcon.colcon_core.event_handler.log_command:Invoking command in '/home/eren/ern/projects/ROS-Projects-for-beginers/yolo_bot/src/yolo_detector': DEBUGINFOD_URLS=https://debuginfod.ubuntu.com PYTHONPATH=/home/eren/ern/projects/ROS-Projects-for-beginers/yolo_bot/build/yolo_detector/prefix_override:/usr/lib/python3/dist-packages/colcon_core/task/python/colcon_distutils_commands:/home/eren/ern/projects/ROS-Projects-for-beginers/yolo_bot/install/yolo_detector/lib/python3.12/site-packages:${PYTHONPATH} /usr/bin/python3 -W ignore:setup.py install is deprecated -W ignore:easy_install command is deprecated setup.py egg_info --egg-base ../../build/yolo_detector build --build-base /home/eren/ern/projects/ROS-Projects-for-beginers/yolo_bot/build/yolo_detector/build install --record /home/eren/ern/projects/ROS-Projects-for-beginers/yolo_bot/build/yolo_detector/install.log --single-version-externally-managed install_data
[1.005s] Level 1:colcon.colcon_core.environment:checking '/home/eren/ern/projects/ROS-Projects-for-beginers/yolo_bot/install/yolo_detector' for CMake module files
[1.005s] Level 1:colcon.colcon_core.environment:checking '/home/eren/ern/projects/ROS-Projects-for-beginers/yolo_bot/install/yolo_detector' for CMake config files
[1.005s] DEBUG:colcon.colcon_core.event_handler.log_command:Invoked command in '/home/eren/ern/projects/ROS-Projects-for-beginers/yolo_bot/src/yolo_detector' returned '0': DEBUGINFOD_URLS=https://debuginfod.ubuntu.com PYTHONPATH=/home/eren/ern/projects/ROS-Projects-for-beginers/yolo_bot/build/yolo_detector/prefix_override:/usr/lib/python3/dist-packages/colcon_core/task/python/colcon_distutils_commands:/home/eren/ern/projects/ROS-Projects-for-beginers/yolo_bot/install/yolo_detector/lib/python3.12/site-packages:${PYTHONPATH} /usr/bin/python3 -W ignore:setup.py install is deprecated -W ignore:easy_install command is deprecated setup.py egg_info --egg-base ../../build/yolo_detector build --build-base /home/eren/ern/projects/ROS-Projects-for-beginers/yolo_bot/build/yolo_detector/build install --record /home/eren/ern/projects/ROS-Projects-for-beginers/yolo_bot/build/yolo_detector/install.log --single-version-externally-managed install_data
[1.006s] Level 1:colcon.colcon_core.environment:checking '/home/eren/ern/projects/ROS-Projects-for-beginers/yolo_bot/install/yolo_detector/lib'
[1.006s] Level 1:colcon.colcon_core.environment:checking '/home/eren/ern/projects/ROS-Projects-for-beginers/yolo_bot/install/yolo_detector/bin'
[1.006s] Level 1:colcon.colcon_core.environment:checking '/home/eren/ern/projects/ROS-Projects-for-beginers/yolo_bot/install/yolo_detector/lib/pkgconfig/yolo_detector.pc'
[1.006s] Level 1:colcon.colcon_core.environment:checking '/home/eren/ern/projects/ROS-Projects-for-beginers/yolo_bot/install/yolo_detector/lib/python3.12/site-packages'
[1.006s] Level 1:colcon.colcon_core.shell:create_environment_hook('yolo_detector', 'pythonpath')
[1.006s] INFO:colcon.colcon_core.shell:Creating environment hook '/home/eren/ern/projects/ROS-Projects-for-beginers/yolo_bot/install/yolo_detector/share/yolo_detector/hook/pythonpath.ps1'
[1.006s] INFO:colcon.colcon_core.shell:Creating environment descriptor '/home/eren/ern/projects/ROS-Projects-for-beginers/yolo_bot/install/yolo_detector/share/yolo_detector/hook/pythonpath.dsv'
[1.007s] INFO:colcon.colcon_core.shell:Creating environment hook '/home/eren/ern/projects/ROS-Projects-for-beginers/yolo_bot/install/yolo_detector/share/yolo_detector/hook/pythonpath.sh'
[1.007s] Level 1:colcon.colcon_core.environment:checking '/home/eren/ern/projects/ROS-Projects-for-beginers/yolo_bot/install/yolo_detector/bin'
[1.007s] Level 1:colcon.colcon_core.environment:create_environment_scripts_only(yolo_detector)
[1.007s] INFO:colcon.colcon_core.shell:Creating package script '/home/eren/ern/projects/ROS-Projects-for-beginers/yolo_bot/install/yolo_detector/share/yolo_detector/package.ps1'
[1.007s] INFO:colcon.colcon_core.shell:Creating package descriptor '/home/eren/ern/projects/ROS-Projects-for-beginers/yolo_bot/install/yolo_detector/share/yolo_detector/package.dsv'
[1.008s] INFO:colcon.colcon_core.shell:Creating package script '/home/eren/ern/projects/ROS-Projects-for-beginers/yolo_bot/install/yolo_detector/share/yolo_detector/package.sh'
[1.008s] INFO:colcon.colcon_core.shell:Creating package script '/home/eren/ern/projects/ROS-Projects-for-beginers/yolo_bot/install/yolo_detector/share/yolo_detector/package.bash'
[1.008s] INFO:colcon.colcon_core.shell:Creating package script '/home/eren/ern/projects/ROS-Projects-for-beginers/yolo_bot/install/yolo_detector/share/yolo_detector/package.zsh'
[1.008s] Level 1:colcon.colcon_core.environment:create_file_with_runtime_dependencies(/home/eren/ern/projects/ROS-Projects-for-beginers/yolo_bot/install/yolo_detector/share/colcon-core/packages/yolo_detector)
[1.008s] DEBUG:colcon.colcon_parallel_executor.executor.parallel:closing loop
[1.008s] DEBUG:colcon.colcon_parallel_executor.executor.parallel:loop closed
[1.008s] DEBUG:colcon.colcon_parallel_executor.executor.parallel:run_until_complete finished with '0'
[1.008s] DEBUG:colcon.colcon_core.event_reactor:joining thread
[1.012s] INFO:colcon.colcon_core.plugin_system:Skipping extension 'colcon_notification.desktop_notification.terminal_notifier': Not used on non-Darwin systems
[1.012s] INFO:colcon.colcon_core.plugin_system:Skipping extension 'colcon_notification.desktop_notification.win32': Not used on non-Windows systems
[1.012s] INFO:colcon.colcon_notification.desktop_notification:Sending desktop notification using 'notify2'
[1.024s] DEBUG:colcon.colcon_core.event_reactor:joined thread
[1.025s] INFO:colcon.colcon_core.shell:Creating prefix script '/home/eren/ern/projects/ROS-Projects-for-beginers/yolo_bot/install/local_setup.ps1'
[1.025s] INFO:colcon.colcon_core.shell:Creating prefix util module '/home/eren/ern/projects/ROS-Projects-for-beginers/yolo_bot/install/_local_setup_util_ps1.py'
[1.026s] INFO:colcon.colcon_core.shell:Creating prefix chain script '/home/eren/ern/projects/ROS-Projects-for-beginers/yolo_bot/install/setup.ps1'
[1.026s] INFO:colcon.colcon_core.shell:Creating prefix script '/home/eren/ern/projects/ROS-Projects-for-beginers/yolo_bot/install/local_setup.sh'
[1.027s] INFO:colcon.colcon_core.shell:Creating prefix util module '/home/eren/ern/projects/ROS-Projects-for-beginers/yolo_bot/install/_local_setup_util_sh.py'
[1.027s] INFO:colcon.colcon_core.shell:Creating prefix chain script '/home/eren/ern/projects/ROS-Projects-for-beginers/yolo_bot/install/setup.sh'
[1.027s] INFO:colcon.colcon_core.shell:Creating prefix script '/home/eren/ern/projects/ROS-Projects-for-beginers/yolo_bot/install/local_setup.bash'
[1.028s] INFO:colcon.colcon_core.shell:Creating prefix chain script '/home/eren/ern/projects/ROS-Projects-for-beginers/yolo_bot/install/setup.bash'
[1.028s] INFO:colcon.colcon_core.shell:Creating prefix script '/home/eren/ern/projects/ROS-Projects-for-beginers/yolo_bot/install/local_setup.zsh'
[1.028s] INFO:colcon.colcon_core.shell:Creating prefix chain script '/home/eren/ern/projects/ROS-Projects-for-beginers/yolo_bot/install/setup.zsh'
