[0.058s] DEBUG:colcon:Command line arguments: ['/usr/bin/colcon', 'build']
[0.058s] DEBUG:colcon:Parsed command line arguments: Namespace(log_base=None, log_level=None, verb_name='build', build_base='build', install_base='install', merge_install=False, symlink_install=False, test_result_base=None, continue_on_error=False, executor='parallel', parallel_workers=20, event_handlers=None, ignore_user_meta=False, metas=['./colcon.meta'], base_paths=['.'], packages_ignore=None, packages_ignore_regex=None, paths=None, packages_up_to=None, packages_up_to_regex=None, packages_above=None, packages_above_and_dependencies=None, packages_above_depth=None, packages_select_by_dep=None, packages_skip_by_dep=None, packages_skip_up_to=None, packages_select_build_failed=False, packages_skip_build_finished=False, packages_select_test_failures=False, packages_skip_test_passed=False, packages_select=None, packages_skip=None, packages_select_regex=None, packages_skip_regex=None, packages_start=None, packages_end=None, allow_overriding=[], cmake_args=None, cmake_target=None, cmake_target_skip_unavailable=False, cmake_clean_cache=False, cmake_clean_first=False, cmake_force_configure=False, ament_cmake_args=None, catkin_cmake_args=None, catkin_skip_building_tests=False, mixin_files=None, mixin=None, verb_parser=<colcon_mixin.mixin.mixin_argument.MixinArgumentDecorator object at 0x7990184b1a30>, verb_extension=<colcon_core.verb.build.BuildVerb object at 0x7990184b1760>, main=<bound method BuildVerb.main of <colcon_core.verb.build.BuildVerb object at 0x7990184b1760>>, mixin_verb=('build',))
[0.078s] Level 1:colcon.colcon_core.package_discovery:discover_packages(colcon_meta) check parameters
[0.079s] Level 1:colcon.colcon_core.package_discovery:discover_packages(recursive) check parameters
[0.079s] Level 1:colcon.colcon_core.package_discovery:discover_packages(ignore) check parameters
[0.079s] Level 1:colcon.colcon_core.package_discovery:discover_packages(path) check parameters
[0.079s] Level 1:colcon.colcon_core.package_discovery:discover_packages(colcon_meta) discover
[0.079s] Level 1:colcon.colcon_core.package_discovery:discover_packages(recursive) discover
[0.079s] INFO:colcon.colcon_core.package_discovery:Crawling recursively for packages in '/home/eren/ern/projects/ROS-Projects-for-beginers/otonom_sarj'
[0.079s] Level 1:colcon.colcon_core.package_identification:_identify(.) by extensions ['ignore', 'ignore_ament_install']
[0.079s] Level 1:colcon.colcon_core.package_identification:_identify(.) by extension 'ignore'
[0.079s] Level 1:colcon.colcon_core.package_identification:_identify(.) by extension 'ignore_ament_install'
[0.079s] Level 1:colcon.colcon_core.package_identification:_identify(.) by extensions ['colcon_pkg']
[0.079s] Level 1:colcon.colcon_core.package_identification:_identify(.) by extension 'colcon_pkg'
[0.079s] Level 1:colcon.colcon_core.package_identification:_identify(.) by extensions ['colcon_meta']
[0.079s] Level 1:colcon.colcon_core.package_identification:_identify(.) by extension 'colcon_meta'
[0.079s] Level 1:colcon.colcon_core.package_identification:_identify(.) by extensions ['ros']
[0.079s] Level 1:colcon.colcon_core.package_identification:_identify(.) by extension 'ros'
[0.093s] Level 1:colcon.colcon_core.package_identification:_identify(.) by extensions ['cmake', 'python']
[0.093s] Level 1:colcon.colcon_core.package_identification:_identify(.) by extension 'cmake'
[0.093s] Level 1:colcon.colcon_core.package_identification:_identify(.) by extension 'python'
[0.093s] Level 1:colcon.colcon_core.package_identification:_identify(.) by extensions ['python_setup_py']
[0.093s] Level 1:colcon.colcon_core.package_identification:_identify(.) by extension 'python_setup_py'
[0.093s] Level 1:colcon.colcon_core.package_identification:_identify(build) by extensions ['ignore', 'ignore_ament_install']
[0.094s] Level 1:colcon.colcon_core.package_identification:_identify(build) by extension 'ignore'
[0.094s] Level 1:colcon.colcon_core.package_identification:_identify(build) ignored
[0.094s] Level 1:colcon.colcon_core.package_identification:_identify(install) by extensions ['ignore', 'ignore_ament_install']
[0.094s] Level 1:colcon.colcon_core.package_identification:_identify(install) by extension 'ignore'
[0.094s] Level 1:colcon.colcon_core.package_identification:_identify(install) ignored
[0.094s] Level 1:colcon.colcon_core.package_identification:_identify(log) by extensions ['ignore', 'ignore_ament_install']
[0.094s] Level 1:colcon.colcon_core.package_identification:_identify(log) by extension 'ignore'
[0.094s] Level 1:colcon.colcon_core.package_identification:_identify(log) ignored
[0.094s] Level 1:colcon.colcon_core.package_identification:_identify(src) by extensions ['ignore', 'ignore_ament_install']
[0.094s] Level 1:colcon.colcon_core.package_identification:_identify(src) by extension 'ignore'
[0.094s] Level 1:colcon.colcon_core.package_identification:_identify(src) by extension 'ignore_ament_install'
[0.094s] Level 1:colcon.colcon_core.package_identification:_identify(src) by extensions ['colcon_pkg']
[0.094s] Level 1:colcon.colcon_core.package_identification:_identify(src) by extension 'colcon_pkg'
[0.094s] Level 1:colcon.colcon_core.package_identification:_identify(src) by extensions ['colcon_meta']
[0.094s] Level 1:colcon.colcon_core.package_identification:_identify(src) by extension 'colcon_meta'
[0.094s] Level 1:colcon.colcon_core.package_identification:_identify(src) by extensions ['ros']
[0.094s] Level 1:colcon.colcon_core.package_identification:_identify(src) by extension 'ros'
[0.094s] Level 1:colcon.colcon_core.package_identification:_identify(src) by extensions ['cmake', 'python']
[0.094s] Level 1:colcon.colcon_core.package_identification:_identify(src) by extension 'cmake'
[0.094s] Level 1:colcon.colcon_core.package_identification:_identify(src) by extension 'python'
[0.094s] Level 1:colcon.colcon_core.package_identification:_identify(src) by extensions ['python_setup_py']
[0.094s] Level 1:colcon.colcon_core.package_identification:_identify(src) by extension 'python_setup_py'
[0.094s] Level 1:colcon.colcon_core.package_identification:_identify(src/kasva_sekli) by extensions ['ignore', 'ignore_ament_install']
[0.094s] Level 1:colcon.colcon_core.package_identification:_identify(src/kasva_sekli) by extension 'ignore'
[0.094s] Level 1:colcon.colcon_core.package_identification:_identify(src/kasva_sekli) by extension 'ignore_ament_install'
[0.094s] Level 1:colcon.colcon_core.package_identification:_identify(src/kasva_sekli) by extensions ['colcon_pkg']
[0.094s] Level 1:colcon.colcon_core.package_identification:_identify(src/kasva_sekli) by extension 'colcon_pkg'
[0.094s] Level 1:colcon.colcon_core.package_identification:_identify(src/kasva_sekli) by extensions ['colcon_meta']
[0.094s] Level 1:colcon.colcon_core.package_identification:_identify(src/kasva_sekli) by extension 'colcon_meta'
[0.094s] Level 1:colcon.colcon_core.package_identification:_identify(src/kasva_sekli) by extensions ['ros']
[0.094s] Level 1:colcon.colcon_core.package_identification:_identify(src/kasva_sekli) by extension 'ros'
[0.096s] DEBUG:colcon.colcon_core.package_identification:Package 'src/kasva_sekli' with type 'ros.ament_cmake' and name 'kasva_sekli'
[0.096s] Level 1:colcon.colcon_core.package_identification:_identify(src/otonom_sarj) by extensions ['ignore', 'ignore_ament_install']
[0.096s] Level 1:colcon.colcon_core.package_identification:_identify(src/otonom_sarj) by extension 'ignore'
[0.096s] Level 1:colcon.colcon_core.package_identification:_identify(src/otonom_sarj) by extension 'ignore_ament_install'
[0.096s] Level 1:colcon.colcon_core.package_identification:_identify(src/otonom_sarj) by extensions ['colcon_pkg']
[0.096s] Level 1:colcon.colcon_core.package_identification:_identify(src/otonom_sarj) by extension 'colcon_pkg'
[0.096s] Level 1:colcon.colcon_core.package_identification:_identify(src/otonom_sarj) by extensions ['colcon_meta']
[0.096s] Level 1:colcon.colcon_core.package_identification:_identify(src/otonom_sarj) by extension 'colcon_meta'
[0.096s] Level 1:colcon.colcon_core.package_identification:_identify(src/otonom_sarj) by extensions ['ros']
[0.096s] Level 1:colcon.colcon_core.package_identification:_identify(src/otonom_sarj) by extension 'ros'
[0.096s] DEBUG:colcon.colcon_core.package_identification:Package 'src/otonom_sarj' with type 'ros.ament_python' and name 'otonom_sarj'
[0.096s] Level 1:colcon.colcon_core.package_discovery:discover_packages(recursive) using defaults
[0.096s] Level 1:colcon.colcon_core.package_discovery:discover_packages(ignore) discover
[0.096s] Level 1:colcon.colcon_core.package_discovery:discover_packages(ignore) using defaults
[0.096s] Level 1:colcon.colcon_core.package_discovery:discover_packages(path) discover
[0.096s] Level 1:colcon.colcon_core.package_discovery:discover_packages(path) using defaults
[0.106s] Level 1:colcon.colcon_core.package_discovery:discover_packages(prefix_path) check parameters
[0.106s] Level 1:colcon.colcon_core.package_discovery:discover_packages(prefix_path) discover
[0.107s] DEBUG:colcon.colcon_installed_package_information.package_discovery:Found 2 installed packages in /home/eren/ern/projects/ROS-Projects-for-beginers/otonom_sarj/install
[0.107s] DEBUG:colcon.colcon_installed_package_information.package_discovery:Found 1 installed packages in /home/eren/ern/projects/ROS-Projects-for-beginers/nav2_bot/install
[0.108s] DEBUG:colcon.colcon_installed_package_information.package_discovery:Found 419 installed packages in /opt/ros/jazzy
[0.109s] Level 1:colcon.colcon_core.package_discovery:discover_packages(prefix_path) using defaults
[0.134s] Level 5:colcon.colcon_core.verb:set package 'kasva_sekli' build argument 'cmake_args' from command line to 'None'
[0.135s] Level 5:colcon.colcon_core.verb:set package 'kasva_sekli' build argument 'cmake_target' from command line to 'None'
[0.135s] Level 5:colcon.colcon_core.verb:set package 'kasva_sekli' build argument 'cmake_target_skip_unavailable' from command line to 'False'
[0.135s] Level 5:colcon.colcon_core.verb:set package 'kasva_sekli' build argument 'cmake_clean_cache' from command line to 'False'
[0.135s] Level 5:colcon.colcon_core.verb:set package 'kasva_sekli' build argument 'cmake_clean_first' from command line to 'False'
[0.135s] Level 5:colcon.colcon_core.verb:set package 'kasva_sekli' build argument 'cmake_force_configure' from command line to 'False'
[0.135s] Level 5:colcon.colcon_core.verb:set package 'kasva_sekli' build argument 'ament_cmake_args' from command line to 'None'
[0.135s] Level 5:colcon.colcon_core.verb:set package 'kasva_sekli' build argument 'catkin_cmake_args' from command line to 'None'
[0.135s] Level 5:colcon.colcon_core.verb:set package 'kasva_sekli' build argument 'catkin_skip_building_tests' from command line to 'False'
[0.135s] DEBUG:colcon.colcon_core.verb:Building package 'kasva_sekli' with the following arguments: {'ament_cmake_args': None, 'build_base': '/home/eren/ern/projects/ROS-Projects-for-beginers/otonom_sarj/build/kasva_sekli', 'catkin_cmake_args': None, 'catkin_skip_building_tests': False, 'cmake_args': None, 'cmake_clean_cache': False, 'cmake_clean_first': False, 'cmake_force_configure': False, 'cmake_target': None, 'cmake_target_skip_unavailable': False, 'install_base': '/home/eren/ern/projects/ROS-Projects-for-beginers/otonom_sarj/install/kasva_sekli', 'merge_install': False, 'path': '/home/eren/ern/projects/ROS-Projects-for-beginers/otonom_sarj/src/kasva_sekli', 'symlink_install': False, 'test_result_base': None}
[0.135s] Level 5:colcon.colcon_core.verb:set package 'otonom_sarj' build argument 'cmake_args' from command line to 'None'
[0.135s] Level 5:colcon.colcon_core.verb:set package 'otonom_sarj' build argument 'cmake_target' from command line to 'None'
[0.135s] Level 5:colcon.colcon_core.verb:set package 'otonom_sarj' build argument 'cmake_target_skip_unavailable' from command line to 'False'
[0.135s] Level 5:colcon.colcon_core.verb:set package 'otonom_sarj' build argument 'cmake_clean_cache' from command line to 'False'
[0.135s] Level 5:colcon.colcon_core.verb:set package 'otonom_sarj' build argument 'cmake_clean_first' from command line to 'False'
[0.135s] Level 5:colcon.colcon_core.verb:set package 'otonom_sarj' build argument 'cmake_force_configure' from command line to 'False'
[0.135s] Level 5:colcon.colcon_core.verb:set package 'otonom_sarj' build argument 'ament_cmake_args' from command line to 'None'
[0.135s] Level 5:colcon.colcon_core.verb:set package 'otonom_sarj' build argument 'catkin_cmake_args' from command line to 'None'
[0.135s] Level 5:colcon.colcon_core.verb:set package 'otonom_sarj' build argument 'catkin_skip_building_tests' from command line to 'False'
[0.135s] DEBUG:colcon.colcon_core.verb:Building package 'otonom_sarj' with the following arguments: {'ament_cmake_args': None, 'build_base': '/home/eren/ern/projects/ROS-Projects-for-beginers/otonom_sarj/build/otonom_sarj', 'catkin_cmake_args': None, 'catkin_skip_building_tests': False, 'cmake_args': None, 'cmake_clean_cache': False, 'cmake_clean_first': False, 'cmake_force_configure': False, 'cmake_target': None, 'cmake_target_skip_unavailable': False, 'install_base': '/home/eren/ern/projects/ROS-Projects-for-beginers/otonom_sarj/install/otonom_sarj', 'merge_install': False, 'path': '/home/eren/ern/projects/ROS-Projects-for-beginers/otonom_sarj/src/otonom_sarj', 'symlink_install': False, 'test_result_base': None}
[0.135s] INFO:colcon.colcon_core.executor:Executing jobs using 'parallel' executor
[0.136s] DEBUG:colcon.colcon_parallel_executor.executor.parallel:run_until_complete
[0.136s] INFO:colcon.colcon_ros.task.ament_cmake.build:Building ROS package in '/home/eren/ern/projects/ROS-Projects-for-beginers/otonom_sarj/src/kasva_sekli' with build type 'ament_cmake'
[0.136s] INFO:colcon.colcon_cmake.task.cmake.build:Building CMake package in '/home/eren/ern/projects/ROS-Projects-for-beginers/otonom_sarj/src/kasva_sekli'
[0.137s] INFO:colcon.colcon_core.plugin_system:Skipping extension 'colcon_core.shell.bat': Not used on non-Windows systems
[0.137s] INFO:colcon.colcon_core.shell:Skip shell extension 'powershell' for command environment: Not usable outside of PowerShell
[0.137s] DEBUG:colcon.colcon_core.shell:Skip shell extension 'dsv' for command environment
[0.139s] INFO:colcon.colcon_ros.task.ament_python.build:Building ROS package in '/home/eren/ern/projects/ROS-Projects-for-beginers/otonom_sarj/src/otonom_sarj' with build type 'ament_python'
[0.139s] Level 1:colcon.colcon_core.shell:create_environment_hook('otonom_sarj', 'ament_prefix_path')
[0.139s] INFO:colcon.colcon_core.shell:Creating environment hook '/home/eren/ern/projects/ROS-Projects-for-beginers/otonom_sarj/install/otonom_sarj/share/otonom_sarj/hook/ament_prefix_path.ps1'
[0.140s] INFO:colcon.colcon_core.shell:Creating environment descriptor '/home/eren/ern/projects/ROS-Projects-for-beginers/otonom_sarj/install/otonom_sarj/share/otonom_sarj/hook/ament_prefix_path.dsv'
[0.140s] INFO:colcon.colcon_core.shell:Creating environment hook '/home/eren/ern/projects/ROS-Projects-for-beginers/otonom_sarj/install/otonom_sarj/share/otonom_sarj/hook/ament_prefix_path.sh'
[0.140s] INFO:colcon.colcon_core.shell:Skip shell extension 'powershell' for command environment: Not usable outside of PowerShell
[0.140s] DEBUG:colcon.colcon_core.shell:Skip shell extension 'dsv' for command environment
[0.146s] DEBUG:colcon.colcon_core.event_handler.log_command:Invoking command in '/home/eren/ern/projects/ROS-Projects-for-beginers/otonom_sarj/build/kasva_sekli': CMAKE_PREFIX_PATH=${CMAKE_PREFIX_PATH}:/home/eren/ern/projects/ROS-Projects-for-beginers/otonom_sarj/install/otonom_sarj:/opt/ros/jazzy DEBUGINFOD_URLS=https://debuginfod.ubuntu.com /usr/bin/cmake --build /home/eren/ern/projects/ROS-Projects-for-beginers/otonom_sarj/build/kasva_sekli -- -j20 -l20
[0.275s] INFO:colcon.colcon_core.task.python.build:Building Python package in '/home/eren/ern/projects/ROS-Projects-for-beginers/otonom_sarj/src/otonom_sarj'
[0.275s] INFO:colcon.colcon_core.shell:Skip shell extension 'powershell' for command environment: Not usable outside of PowerShell
[0.275s] DEBUG:colcon.colcon_core.shell:Skip shell extension 'dsv' for command environment
[0.279s] DEBUG:colcon.colcon_core.event_handler.log_command:Invoked command in '/home/eren/ern/projects/ROS-Projects-for-beginers/otonom_sarj/build/kasva_sekli' returned '0': CMAKE_PREFIX_PATH=${CMAKE_PREFIX_PATH}:/home/eren/ern/projects/ROS-Projects-for-beginers/otonom_sarj/install/otonom_sarj:/opt/ros/jazzy DEBUGINFOD_URLS=https://debuginfod.ubuntu.com /usr/bin/cmake --build /home/eren/ern/projects/ROS-Projects-for-beginers/otonom_sarj/build/kasva_sekli -- -j20 -l20
[0.288s] DEBUG:colcon.colcon_core.event_handler.log_command:Invoking command in '/home/eren/ern/projects/ROS-Projects-for-beginers/otonom_sarj/build/kasva_sekli': CMAKE_PREFIX_PATH=${CMAKE_PREFIX_PATH}:/home/eren/ern/projects/ROS-Projects-for-beginers/otonom_sarj/install/otonom_sarj:/opt/ros/jazzy DEBUGINFOD_URLS=https://debuginfod.ubuntu.com /usr/bin/cmake --install /home/eren/ern/projects/ROS-Projects-for-beginers/otonom_sarj/build/kasva_sekli
[0.298s] Level 1:colcon.colcon_core.environment:create_environment_scripts_only(kasva_sekli)
[0.299s] DEBUG:colcon.colcon_core.event_handler.log_command:Invoked command in '/home/eren/ern/projects/ROS-Projects-for-beginers/otonom_sarj/build/kasva_sekli' returned '0': CMAKE_PREFIX_PATH=${CMAKE_PREFIX_PATH}:/home/eren/ern/projects/ROS-Projects-for-beginers/otonom_sarj/install/otonom_sarj:/opt/ros/jazzy DEBUGINFOD_URLS=https://debuginfod.ubuntu.com /usr/bin/cmake --install /home/eren/ern/projects/ROS-Projects-for-beginers/otonom_sarj/build/kasva_sekli
[0.300s] Level 1:colcon.colcon_core.environment:checking '/home/eren/ern/projects/ROS-Projects-for-beginers/otonom_sarj/install/kasva_sekli' for CMake module files
[0.301s] Level 1:colcon.colcon_core.environment:checking '/home/eren/ern/projects/ROS-Projects-for-beginers/otonom_sarj/install/kasva_sekli' for CMake config files
[0.301s] Level 1:colcon.colcon_core.shell:create_environment_hook('kasva_sekli', 'cmake_prefix_path')
[0.301s] INFO:colcon.colcon_core.shell:Creating environment hook '/home/eren/ern/projects/ROS-Projects-for-beginers/otonom_sarj/install/kasva_sekli/share/kasva_sekli/hook/cmake_prefix_path.ps1'
[0.302s] INFO:colcon.colcon_core.shell:Creating environment descriptor '/home/eren/ern/projects/ROS-Projects-for-beginers/otonom_sarj/install/kasva_sekli/share/kasva_sekli/hook/cmake_prefix_path.dsv'
[0.302s] INFO:colcon.colcon_core.shell:Creating environment hook '/home/eren/ern/projects/ROS-Projects-for-beginers/otonom_sarj/install/kasva_sekli/share/kasva_sekli/hook/cmake_prefix_path.sh'
[0.303s] Level 1:colcon.colcon_core.environment:checking '/home/eren/ern/projects/ROS-Projects-for-beginers/otonom_sarj/install/kasva_sekli/bin'
[0.303s] Level 1:colcon.colcon_core.environment:checking '/home/eren/ern/projects/ROS-Projects-for-beginers/otonom_sarj/install/kasva_sekli/lib/pkgconfig/kasva_sekli.pc'
[0.303s] Level 1:colcon.colcon_core.environment:checking '/home/eren/ern/projects/ROS-Projects-for-beginers/otonom_sarj/install/kasva_sekli/lib/python3.12/site-packages'
[0.303s] Level 1:colcon.colcon_core.environment:checking '/home/eren/ern/projects/ROS-Projects-for-beginers/otonom_sarj/install/kasva_sekli/bin'
[0.303s] INFO:colcon.colcon_core.shell:Creating package script '/home/eren/ern/projects/ROS-Projects-for-beginers/otonom_sarj/install/kasva_sekli/share/kasva_sekli/package.ps1'
[0.304s] INFO:colcon.colcon_core.shell:Creating package descriptor '/home/eren/ern/projects/ROS-Projects-for-beginers/otonom_sarj/install/kasva_sekli/share/kasva_sekli/package.dsv'
[0.304s] INFO:colcon.colcon_core.shell:Creating package script '/home/eren/ern/projects/ROS-Projects-for-beginers/otonom_sarj/install/kasva_sekli/share/kasva_sekli/package.sh'
[0.304s] INFO:colcon.colcon_core.shell:Creating package script '/home/eren/ern/projects/ROS-Projects-for-beginers/otonom_sarj/install/kasva_sekli/share/kasva_sekli/package.bash'
[0.305s] INFO:colcon.colcon_core.shell:Creating package script '/home/eren/ern/projects/ROS-Projects-for-beginers/otonom_sarj/install/kasva_sekli/share/kasva_sekli/package.zsh'
[0.305s] Level 1:colcon.colcon_core.environment:create_file_with_runtime_dependencies(/home/eren/ern/projects/ROS-Projects-for-beginers/otonom_sarj/install/kasva_sekli/share/colcon-core/packages/kasva_sekli)
[0.305s] Level 1:colcon.colcon_core.environment:create_environment_scripts_only(kasva_sekli)
[0.306s] Level 1:colcon.colcon_core.environment:checking '/home/eren/ern/projects/ROS-Projects-for-beginers/otonom_sarj/install/kasva_sekli' for CMake module files
[0.306s] Level 1:colcon.colcon_core.environment:checking '/home/eren/ern/projects/ROS-Projects-for-beginers/otonom_sarj/install/kasva_sekli' for CMake config files
[0.306s] Level 1:colcon.colcon_core.shell:create_environment_hook('kasva_sekli', 'cmake_prefix_path')
[0.306s] INFO:colcon.colcon_core.shell:Creating environment hook '/home/eren/ern/projects/ROS-Projects-for-beginers/otonom_sarj/install/kasva_sekli/share/kasva_sekli/hook/cmake_prefix_path.ps1'
[0.306s] INFO:colcon.colcon_core.shell:Creating environment descriptor '/home/eren/ern/projects/ROS-Projects-for-beginers/otonom_sarj/install/kasva_sekli/share/kasva_sekli/hook/cmake_prefix_path.dsv'
[0.306s] INFO:colcon.colcon_core.shell:Creating environment hook '/home/eren/ern/projects/ROS-Projects-for-beginers/otonom_sarj/install/kasva_sekli/share/kasva_sekli/hook/cmake_prefix_path.sh'
[0.307s] Level 1:colcon.colcon_core.environment:checking '/home/eren/ern/projects/ROS-Projects-for-beginers/otonom_sarj/install/kasva_sekli/bin'
[0.307s] Level 1:colcon.colcon_core.environment:checking '/home/eren/ern/projects/ROS-Projects-for-beginers/otonom_sarj/install/kasva_sekli/lib/pkgconfig/kasva_sekli.pc'
[0.307s] Level 1:colcon.colcon_core.environment:checking '/home/eren/ern/projects/ROS-Projects-for-beginers/otonom_sarj/install/kasva_sekli/lib/python3.12/site-packages'
[0.307s] Level 1:colcon.colcon_core.environment:checking '/home/eren/ern/projects/ROS-Projects-for-beginers/otonom_sarj/install/kasva_sekli/bin'
[0.307s] INFO:colcon.colcon_core.shell:Creating package script '/home/eren/ern/projects/ROS-Projects-for-beginers/otonom_sarj/install/kasva_sekli/share/kasva_sekli/package.ps1'
[0.307s] INFO:colcon.colcon_core.shell:Creating package descriptor '/home/eren/ern/projects/ROS-Projects-for-beginers/otonom_sarj/install/kasva_sekli/share/kasva_sekli/package.dsv'
[0.307s] INFO:colcon.colcon_core.shell:Creating package script '/home/eren/ern/projects/ROS-Projects-for-beginers/otonom_sarj/install/kasva_sekli/share/kasva_sekli/package.sh'
[0.308s] INFO:colcon.colcon_core.shell:Creating package script '/home/eren/ern/projects/ROS-Projects-for-beginers/otonom_sarj/install/kasva_sekli/share/kasva_sekli/package.bash'
[0.308s] INFO:colcon.colcon_core.shell:Creating package script '/home/eren/ern/projects/ROS-Projects-for-beginers/otonom_sarj/install/kasva_sekli/share/kasva_sekli/package.zsh'
[0.308s] Level 1:colcon.colcon_core.environment:create_file_with_runtime_dependencies(/home/eren/ern/projects/ROS-Projects-for-beginers/otonom_sarj/install/kasva_sekli/share/colcon-core/packages/kasva_sekli)
[0.599s] DEBUG:colcon.colcon_core.event_handler.log_command:Invoking command in '/home/eren/ern/projects/ROS-Projects-for-beginers/otonom_sarj/src/otonom_sarj': DEBUGINFOD_URLS=https://debuginfod.ubuntu.com PYTHONPATH=/home/eren/ern/projects/ROS-Projects-for-beginers/otonom_sarj/build/otonom_sarj/prefix_override:/usr/lib/python3/dist-packages/colcon_core/task/python/colcon_distutils_commands:/home/eren/ern/projects/ROS-Projects-for-beginers/otonom_sarj/install/otonom_sarj/lib/python3.12/site-packages:${PYTHONPATH} /usr/bin/python3 -W ignore:setup.py install is deprecated -W ignore:easy_install command is deprecated setup.py egg_info --egg-base ../../build/otonom_sarj build --build-base /home/eren/ern/projects/ROS-Projects-for-beginers/otonom_sarj/build/otonom_sarj/build install --record /home/eren/ern/projects/ROS-Projects-for-beginers/otonom_sarj/build/otonom_sarj/install.log --single-version-externally-managed install_data
[0.900s] Level 1:colcon.colcon_core.environment:checking '/home/eren/ern/projects/ROS-Projects-for-beginers/otonom_sarj/install/otonom_sarj' for CMake module files
[0.901s] DEBUG:colcon.colcon_core.event_handler.log_command:Invoked command in '/home/eren/ern/projects/ROS-Projects-for-beginers/otonom_sarj/src/otonom_sarj' returned '0': DEBUGINFOD_URLS=https://debuginfod.ubuntu.com PYTHONPATH=/home/eren/ern/projects/ROS-Projects-for-beginers/otonom_sarj/build/otonom_sarj/prefix_override:/usr/lib/python3/dist-packages/colcon_core/task/python/colcon_distutils_commands:/home/eren/ern/projects/ROS-Projects-for-beginers/otonom_sarj/install/otonom_sarj/lib/python3.12/site-packages:${PYTHONPATH} /usr/bin/python3 -W ignore:setup.py install is deprecated -W ignore:easy_install command is deprecated setup.py egg_info --egg-base ../../build/otonom_sarj build --build-base /home/eren/ern/projects/ROS-Projects-for-beginers/otonom_sarj/build/otonom_sarj/build install --record /home/eren/ern/projects/ROS-Projects-for-beginers/otonom_sarj/build/otonom_sarj/install.log --single-version-externally-managed install_data
[0.901s] Level 1:colcon.colcon_core.environment:checking '/home/eren/ern/projects/ROS-Projects-for-beginers/otonom_sarj/install/otonom_sarj' for CMake config files
[0.901s] Level 1:colcon.colcon_core.environment:checking '/home/eren/ern/projects/ROS-Projects-for-beginers/otonom_sarj/install/otonom_sarj/lib'
[0.901s] Level 1:colcon.colcon_core.environment:checking '/home/eren/ern/projects/ROS-Projects-for-beginers/otonom_sarj/install/otonom_sarj/bin'
[0.901s] Level 1:colcon.colcon_core.environment:checking '/home/eren/ern/projects/ROS-Projects-for-beginers/otonom_sarj/install/otonom_sarj/lib/pkgconfig/otonom_sarj.pc'
[0.902s] Level 1:colcon.colcon_core.environment:checking '/home/eren/ern/projects/ROS-Projects-for-beginers/otonom_sarj/install/otonom_sarj/lib/python3.12/site-packages'
[0.902s] Level 1:colcon.colcon_core.shell:create_environment_hook('otonom_sarj', 'pythonpath')
[0.902s] INFO:colcon.colcon_core.shell:Creating environment hook '/home/eren/ern/projects/ROS-Projects-for-beginers/otonom_sarj/install/otonom_sarj/share/otonom_sarj/hook/pythonpath.ps1'
[0.902s] INFO:colcon.colcon_core.shell:Creating environment descriptor '/home/eren/ern/projects/ROS-Projects-for-beginers/otonom_sarj/install/otonom_sarj/share/otonom_sarj/hook/pythonpath.dsv'
[0.902s] INFO:colcon.colcon_core.shell:Creating environment hook '/home/eren/ern/projects/ROS-Projects-for-beginers/otonom_sarj/install/otonom_sarj/share/otonom_sarj/hook/pythonpath.sh'
[0.903s] Level 1:colcon.colcon_core.environment:checking '/home/eren/ern/projects/ROS-Projects-for-beginers/otonom_sarj/install/otonom_sarj/bin'
[0.903s] Level 1:colcon.colcon_core.environment:create_environment_scripts_only(otonom_sarj)
[0.903s] INFO:colcon.colcon_core.shell:Creating package script '/home/eren/ern/projects/ROS-Projects-for-beginers/otonom_sarj/install/otonom_sarj/share/otonom_sarj/package.ps1'
[0.903s] INFO:colcon.colcon_core.shell:Creating package descriptor '/home/eren/ern/projects/ROS-Projects-for-beginers/otonom_sarj/install/otonom_sarj/share/otonom_sarj/package.dsv'
[0.903s] INFO:colcon.colcon_core.shell:Creating package script '/home/eren/ern/projects/ROS-Projects-for-beginers/otonom_sarj/install/otonom_sarj/share/otonom_sarj/package.sh'
[0.903s] INFO:colcon.colcon_core.shell:Creating package script '/home/eren/ern/projects/ROS-Projects-for-beginers/otonom_sarj/install/otonom_sarj/share/otonom_sarj/package.bash'
[0.904s] INFO:colcon.colcon_core.shell:Creating package script '/home/eren/ern/projects/ROS-Projects-for-beginers/otonom_sarj/install/otonom_sarj/share/otonom_sarj/package.zsh'
[0.904s] Level 1:colcon.colcon_core.environment:create_file_with_runtime_dependencies(/home/eren/ern/projects/ROS-Projects-for-beginers/otonom_sarj/install/otonom_sarj/share/colcon-core/packages/otonom_sarj)
[0.904s] DEBUG:colcon.colcon_parallel_executor.executor.parallel:closing loop
[0.904s] DEBUG:colcon.colcon_parallel_executor.executor.parallel:loop closed
[0.904s] DEBUG:colcon.colcon_parallel_executor.executor.parallel:run_until_complete finished with '0'
[0.904s] DEBUG:colcon.colcon_core.event_reactor:joining thread
[0.907s] INFO:colcon.colcon_core.plugin_system:Skipping extension 'colcon_notification.desktop_notification.terminal_notifier': Not used on non-Darwin systems
[0.907s] INFO:colcon.colcon_core.plugin_system:Skipping extension 'colcon_notification.desktop_notification.win32': Not used on non-Windows systems
[0.907s] INFO:colcon.colcon_notification.desktop_notification:Sending desktop notification using 'notify2'
[0.924s] DEBUG:colcon.colcon_core.event_reactor:joined thread
[0.924s] INFO:colcon.colcon_core.shell:Creating prefix script '/home/eren/ern/projects/ROS-Projects-for-beginers/otonom_sarj/install/local_setup.ps1'
[0.924s] INFO:colcon.colcon_core.shell:Creating prefix util module '/home/eren/ern/projects/ROS-Projects-for-beginers/otonom_sarj/install/_local_setup_util_ps1.py'
[0.925s] INFO:colcon.colcon_core.shell:Creating prefix chain script '/home/eren/ern/projects/ROS-Projects-for-beginers/otonom_sarj/install/setup.ps1'
[0.925s] INFO:colcon.colcon_core.shell:Creating prefix script '/home/eren/ern/projects/ROS-Projects-for-beginers/otonom_sarj/install/local_setup.sh'
[0.926s] INFO:colcon.colcon_core.shell:Creating prefix util module '/home/eren/ern/projects/ROS-Projects-for-beginers/otonom_sarj/install/_local_setup_util_sh.py'
[0.926s] INFO:colcon.colcon_core.shell:Creating prefix chain script '/home/eren/ern/projects/ROS-Projects-for-beginers/otonom_sarj/install/setup.sh'
[0.927s] INFO:colcon.colcon_core.shell:Creating prefix script '/home/eren/ern/projects/ROS-Projects-for-beginers/otonom_sarj/install/local_setup.bash'
[0.927s] INFO:colcon.colcon_core.shell:Creating prefix chain script '/home/eren/ern/projects/ROS-Projects-for-beginers/otonom_sarj/install/setup.bash'
[0.927s] INFO:colcon.colcon_core.shell:Creating prefix script '/home/eren/ern/projects/ROS-Projects-for-beginers/otonom_sarj/install/local_setup.zsh'
[0.927s] INFO:colcon.colcon_core.shell:Creating prefix chain script '/home/eren/ern/projects/ROS-Projects-for-beginers/otonom_sarj/install/setup.zsh'
