-- The C compiler identification is GNU 13.3.0
-- The CXX compiler identification is GNU 13.3.0
-- Detecting C compiler ABI info
-- Detecting C compiler ABI info - done
-- Check for working C compiler: /usr/bin/cc - skipped
-- Detecting C compile features
-- Detecting C compile features - done
-- Detecting CXX compiler ABI info
-- Detecting CXX compiler ABI info - done
-- Check for working CXX compiler: /usr/bin/c++ - skipped
-- Detecting CXX compile features
-- Detecting CXX compile features - done
-- Found ament_cmake: 2.5.3 (/opt/ros/jazzy/share/ament_cmake/cmake)
-- Found Python3: /usr/bin/python3 (found version "3.12.3") found components: Interpreter 
-- Found ament_lint_auto: 0.17.1 (/opt/ros/jazzy/share/ament_lint_auto/cmake)
-- Added test 'flake8' to check Python code syntax and style conventions
-- Configured 'flake8' exclude dirs and/or files: 
-- Added test 'lint_cmake' to check CMake code style
-- Added test 'pep257' to check Python code against some of the docstring style conventions in PEP 257
-- Added test 'xmllint' to check XML markup files
-- Configuring done (0.6s)
-- Generating done (0.0s)
-- Build files have been written to: /home/eren/ern/projects/ROS-Projects-for-beginers/build/bringup
-- Install configuration: ""
-- Installing: /home/eren/ern/projects/ROS-Projects-for-beginers/install/bringup/share/bringup/launch
-- Installing: /home/eren/ern/projects/ROS-Projects-for-beginers/install/bringup/share/bringup/launch/hunt.launch.xml
-- Installing: /home/eren/ern/projects/ROS-Projects-for-beginers/install/bringup/share/bringup/launch/hunt.launch.py
-- Installing: /home/eren/ern/projects/ROS-Projects-for-beginers/install/bringup/share/ament_index/resource_index/package_run_dependencies/bringup
-- Installing: /home/eren/ern/projects/ROS-Projects-for-beginers/install/bringup/share/ament_index/resource_index/parent_prefix_path/bringup
-- Installing: /home/eren/ern/projects/ROS-Projects-for-beginers/install/bringup/share/bringup/environment/ament_prefix_path.sh
-- Installing: /home/eren/ern/projects/ROS-Projects-for-beginers/install/bringup/share/bringup/environment/ament_prefix_path.dsv
-- Installing: /home/eren/ern/projects/ROS-Projects-for-beginers/install/bringup/share/bringup/environment/path.sh
-- Installing: /home/eren/ern/projects/ROS-Projects-for-beginers/install/bringup/share/bringup/environment/path.dsv
-- Installing: /home/eren/ern/projects/ROS-Projects-for-beginers/install/bringup/share/bringup/local_setup.bash
-- Installing: /home/eren/ern/projects/ROS-Projects-for-beginers/install/bringup/share/bringup/local_setup.sh
-- Installing: /home/eren/ern/projects/ROS-Projects-for-beginers/install/bringup/share/bringup/local_setup.zsh
-- Installing: /home/eren/ern/projects/ROS-Projects-for-beginers/install/bringup/share/bringup/local_setup.dsv
-- Installing: /home/eren/ern/projects/ROS-Projects-for-beginers/install/bringup/share/bringup/package.dsv
-- Installing: /home/eren/ern/projects/ROS-Projects-for-beginers/install/bringup/share/ament_index/resource_index/packages/bringup
-- Installing: /home/eren/ern/projects/ROS-Projects-for-beginers/install/bringup/share/bringup/cmake/bringupConfig.cmake
-- Installing: /home/eren/ern/projects/ROS-Projects-for-beginers/install/bringup/share/bringup/cmake/bringupConfig-version.cmake
-- Installing: /home/eren/ern/projects/ROS-Projects-for-beginers/install/bringup/share/bringup/package.xml
