[0.009s] Invoking command in '/home/eren/ern/projects/ROS-Projects-for-beginers/build/bringup': CMAKE_PREFIX_PATH=${CMAKE_PREFIX_PATH}:/opt/ros/jazzy DEBUGINFOD_URLS=https://debuginfod.ubuntu.com /usr/bin/cmake /home/eren/ern/projects/ROS-Projects-for-beginers/hunt_ws/src/bringup -DCMAKE_INSTALL_PREFIX=/home/eren/ern/projects/ROS-Projects-for-beginers/install/bringup
[0.095s] -- The C compiler identification is GNU 13.3.0
[0.167s] -- The CXX compiler identification is GNU 13.3.0
[0.183s] -- Detecting C compiler ABI info
[0.253s] -- Detecting C compiler ABI info - done
[0.258s] -- Check for working C compiler: /usr/bin/cc - skipped
[0.258s] -- Detecting C compile features
[0.259s] -- Detecting C compile features - done
[0.266s] -- Detecting CXX compiler ABI info
[0.337s] -- Detecting CXX compiler ABI info - done
[0.344s] -- Check for working CXX compiler: /usr/bin/c++ - skipped
[0.344s] -- Detecting CXX compile features
[0.344s] -- Detecting CXX compile features - done
[0.350s] -- Found ament_cmake: 2.5.3 (/opt/ros/jazzy/share/ament_cmake/cmake)
[0.452s] -- Found Python3: /usr/bin/python3 (found version "3.12.3") found components: Interpreter 
[0.543s] -- Found ament_lint_auto: 0.17.1 (/opt/ros/jazzy/share/ament_lint_auto/cmake)
[0.622s] -- Added test 'flake8' to check Python code syntax and style conventions
[0.622s] -- Configured 'flake8' exclude dirs and/or files: 
[0.622s] -- Added test 'lint_cmake' to check CMake code style
[0.623s] -- Added test 'pep257' to check Python code against some of the docstring style conventions in PEP 257
[0.624s] -- Added test 'xmllint' to check XML markup files
[0.625s] -- Configuring done (0.6s)
[0.627s] -- Generating done (0.0s)
[0.628s] -- Build files have been written to: /home/eren/ern/projects/ROS-Projects-for-beginers/build/bringup
[0.631s] Invoked command in '/home/eren/ern/projects/ROS-Projects-for-beginers/build/bringup' returned '0': CMAKE_PREFIX_PATH=${CMAKE_PREFIX_PATH}:/opt/ros/jazzy DEBUGINFOD_URLS=https://debuginfod.ubuntu.com /usr/bin/cmake /home/eren/ern/projects/ROS-Projects-for-beginers/hunt_ws/src/bringup -DCMAKE_INSTALL_PREFIX=/home/eren/ern/projects/ROS-Projects-for-beginers/install/bringup
[0.631s] Invoking command in '/home/eren/ern/projects/ROS-Projects-for-beginers/build/bringup': CMAKE_PREFIX_PATH=${CMAKE_PREFIX_PATH}:/opt/ros/jazzy DEBUGINFOD_URLS=https://debuginfod.ubuntu.com /usr/bin/cmake --build /home/eren/ern/projects/ROS-Projects-for-beginers/build/bringup -- -j20 -l20
[0.661s] Invoked command in '/home/eren/ern/projects/ROS-Projects-for-beginers/build/bringup' returned '0': CMAKE_PREFIX_PATH=${CMAKE_PREFIX_PATH}:/opt/ros/jazzy DEBUGINFOD_URLS=https://debuginfod.ubuntu.com /usr/bin/cmake --build /home/eren/ern/projects/ROS-Projects-for-beginers/build/bringup -- -j20 -l20
[0.667s] Invoking command in '/home/eren/ern/projects/ROS-Projects-for-beginers/build/bringup': CMAKE_PREFIX_PATH=${CMAKE_PREFIX_PATH}:/opt/ros/jazzy DEBUGINFOD_URLS=https://debuginfod.ubuntu.com /usr/bin/cmake --install /home/eren/ern/projects/ROS-Projects-for-beginers/build/bringup
[0.673s] -- Install configuration: ""
[0.673s] -- Installing: /home/eren/ern/projects/ROS-Projects-for-beginers/install/bringup/share/bringup/launch
[0.673s] -- Installing: /home/eren/ern/projects/ROS-Projects-for-beginers/install/bringup/share/bringup/launch/hunt.launch.xml
[0.673s] -- Installing: /home/eren/ern/projects/ROS-Projects-for-beginers/install/bringup/share/bringup/launch/hunt.launch.py
[0.673s] -- Installing: /home/eren/ern/projects/ROS-Projects-for-beginers/install/bringup/share/ament_index/resource_index/package_run_dependencies/bringup
[0.673s] -- Installing: /home/eren/ern/projects/ROS-Projects-for-beginers/install/bringup/share/ament_index/resource_index/parent_prefix_path/bringup
[0.673s] -- Installing: /home/eren/ern/projects/ROS-Projects-for-beginers/install/bringup/share/bringup/environment/ament_prefix_path.sh
[0.673s] -- Installing: /home/eren/ern/projects/ROS-Projects-for-beginers/install/bringup/share/bringup/environment/ament_prefix_path.dsv
[0.673s] -- Installing: /home/eren/ern/projects/ROS-Projects-for-beginers/install/bringup/share/bringup/environment/path.sh
[0.673s] -- Installing: /home/eren/ern/projects/ROS-Projects-for-beginers/install/bringup/share/bringup/environment/path.dsv
[0.673s] -- Installing: /home/eren/ern/projects/ROS-Projects-for-beginers/install/bringup/share/bringup/local_setup.bash
[0.673s] -- Installing: /home/eren/ern/projects/ROS-Projects-for-beginers/install/bringup/share/bringup/local_setup.sh
[0.673s] -- Installing: /home/eren/ern/projects/ROS-Projects-for-beginers/install/bringup/share/bringup/local_setup.zsh
[0.673s] -- Installing: /home/eren/ern/projects/ROS-Projects-for-beginers/install/bringup/share/bringup/local_setup.dsv
[0.673s] -- Installing: /home/eren/ern/projects/ROS-Projects-for-beginers/install/bringup/share/bringup/package.dsv
[0.673s] -- Installing: /home/eren/ern/projects/ROS-Projects-for-beginers/install/bringup/share/ament_index/resource_index/packages/bringup
[0.673s] -- Installing: /home/eren/ern/projects/ROS-Projects-for-beginers/install/bringup/share/bringup/cmake/bringupConfig.cmake
[0.674s] -- Installing: /home/eren/ern/projects/ROS-Projects-for-beginers/install/bringup/share/bringup/cmake/bringupConfig-version.cmake
[0.674s] -- Installing: /home/eren/ern/projects/ROS-Projects-for-beginers/install/bringup/share/bringup/package.xml
[0.674s] Invoked command in '/home/eren/ern/projects/ROS-Projects-for-beginers/build/bringup' returned '0': CMAKE_PREFIX_PATH=${CMAKE_PREFIX_PATH}:/opt/ros/jazzy DEBUGINFOD_URLS=https://debuginfod.ubuntu.com /usr/bin/cmake --install /home/eren/ern/projects/ROS-Projects-for-beginers/build/bringup
