running egg_info
creating ../../build/voice_control/voice_control.egg-info
writing ../../build/voice_control/voice_control.egg-info/PKG-INFO
writing dependency_links to ../../build/voice_control/voice_control.egg-info/dependency_links.txt
writing entry points to ../../build/voice_control/voice_control.egg-info/entry_points.txt
writing requirements to ../../build/voice_control/voice_control.egg-info/requires.txt
writing top-level names to ../../build/voice_control/voice_control.egg-info/top_level.txt
writing manifest file '../../build/voice_control/voice_control.egg-info/SOURCES.txt'
reading manifest file '../../build/voice_control/voice_control.egg-info/SOURCES.txt'
writing manifest file '../../build/voice_control/voice_control.egg-info/SOURCES.txt'
running build
running build_py
creating /home/eren/ern/projects/ROS-Projects-for-beginers/voice_robot/build/voice_control/build
creating /home/eren/ern/projects/ROS-Projects-for-beginers/voice_robot/build/voice_control/build/lib
creating /home/eren/ern/projects/ROS-Projects-for-beginers/voice_robot/build/voice_control/build/lib/voice_control
copying voice_control/__init__.py -> /home/eren/ern/projects/ROS-Projects-for-beginers/voice_robot/build/voice_control/build/lib/voice_control
copying voice_control/voice_control.py -> /home/eren/ern/projects/ROS-Projects-for-beginers/voice_robot/build/voice_control/build/lib/voice_control
running install
running install_lib
creating /home/eren/ern/projects/ROS-Projects-for-beginers/voice_robot/install/voice_control/lib/python3.12/site-packages/voice_control
copying /home/eren/ern/projects/ROS-Projects-for-beginers/voice_robot/build/voice_control/build/lib/voice_control/__init__.py -> /home/eren/ern/projects/ROS-Projects-for-beginers/voice_robot/install/voice_control/lib/python3.12/site-packages/voice_control
copying /home/eren/ern/projects/ROS-Projects-for-beginers/voice_robot/build/voice_control/build/lib/voice_control/voice_control.py -> /home/eren/ern/projects/ROS-Projects-for-beginers/voice_robot/install/voice_control/lib/python3.12/site-packages/voice_control
byte-compiling /home/eren/ern/projects/ROS-Projects-for-beginers/voice_robot/install/voice_control/lib/python3.12/site-packages/voice_control/__init__.py to __init__.cpython-312.pyc
byte-compiling /home/eren/ern/projects/ROS-Projects-for-beginers/voice_robot/install/voice_control/lib/python3.12/site-packages/voice_control/voice_control.py to voice_control.cpython-312.pyc
running install_data
creating /home/eren/ern/projects/ROS-Projects-for-beginers/voice_robot/install/voice_control/share/ament_index
creating /home/eren/ern/projects/ROS-Projects-for-beginers/voice_robot/install/voice_control/share/ament_index/resource_index
creating /home/eren/ern/projects/ROS-Projects-for-beginers/voice_robot/install/voice_control/share/ament_index/resource_index/packages
copying resource/voice_control -> /home/eren/ern/projects/ROS-Projects-for-beginers/voice_robot/install/voice_control/share/ament_index/resource_index/packages
copying package.xml -> /home/eren/ern/projects/ROS-Projects-for-beginers/voice_robot/install/voice_control/share/voice_control
running install_egg_info
Copying ../../build/voice_control/voice_control.egg-info to /home/eren/ern/projects/ROS-Projects-for-beginers/voice_robot/install/voice_control/lib/python3.12/site-packages/voice_control-0.0.0-py3.12.egg-info
running install_scripts
Installing voice_control script to /home/eren/ern/projects/ROS-Projects-for-beginers/voice_robot/install/voice_control/lib/voice_control
writing list of installed files to '/home/eren/ern/projects/ROS-Projects-for-beginers/voice_robot/build/voice_control/install.log'
