[0.459s] Invoking command in '/home/eren/ern/projects/ROS-Projects-for-beginers/voice_robot/src/voice_control': DEBUGINFOD_URLS=https://debuginfod.ubuntu.com PYTHONPATH=/home/eren/ern/projects/ROS-Projects-for-beginers/voice_robot/build/voice_control/prefix_override:/usr/lib/python3/dist-packages/colcon_core/task/python/colcon_distutils_commands:/home/eren/ern/projects/ROS-Projects-for-beginers/voice_robot/install/voice_control/lib/python3.12/site-packages:${PYTHONPATH} /usr/bin/python3 -W ignore:setup.py install is deprecated -W ignore:easy_install command is deprecated setup.py egg_info --egg-base ../../build/voice_control build --build-base /home/eren/ern/projects/ROS-Projects-for-beginers/voice_robot/build/voice_control/build install --record /home/eren/ern/projects/ROS-Projects-for-beginers/voice_robot/build/voice_control/install.log --single-version-externally-managed install_data
[0.612s] running egg_info
[0.612s] creating ../../build/voice_control/voice_control.egg-info
[0.623s] writing ../../build/voice_control/voice_control.egg-info/PKG-INFO
[0.623s] writing dependency_links to ../../build/voice_control/voice_control.egg-info/dependency_links.txt
[0.623s] writing entry points to ../../build/voice_control/voice_control.egg-info/entry_points.txt
[0.623s] writing requirements to ../../build/voice_control/voice_control.egg-info/requires.txt
[0.623s] writing top-level names to ../../build/voice_control/voice_control.egg-info/top_level.txt
[0.624s] writing manifest file '../../build/voice_control/voice_control.egg-info/SOURCES.txt'
[0.650s] reading manifest file '../../build/voice_control/voice_control.egg-info/SOURCES.txt'
[0.650s] writing manifest file '../../build/voice_control/voice_control.egg-info/SOURCES.txt'
[0.650s] running build
[0.650s] running build_py
[0.650s] creating /home/eren/ern/projects/ROS-Projects-for-beginers/voice_robot/build/voice_control/build
[0.650s] creating /home/eren/ern/projects/ROS-Projects-for-beginers/voice_robot/build/voice_control/build/lib
[0.650s] creating /home/eren/ern/projects/ROS-Projects-for-beginers/voice_robot/build/voice_control/build/lib/voice_control
[0.650s] copying voice_control/__init__.py -> /home/eren/ern/projects/ROS-Projects-for-beginers/voice_robot/build/voice_control/build/lib/voice_control
[0.650s] copying voice_control/voice_control.py -> /home/eren/ern/projects/ROS-Projects-for-beginers/voice_robot/build/voice_control/build/lib/voice_control
[0.650s] running install
[0.655s] running install_lib
[0.665s] creating /home/eren/ern/projects/ROS-Projects-for-beginers/voice_robot/install/voice_control/lib/python3.12/site-packages/voice_control
[0.665s] copying /home/eren/ern/projects/ROS-Projects-for-beginers/voice_robot/build/voice_control/build/lib/voice_control/__init__.py -> /home/eren/ern/projects/ROS-Projects-for-beginers/voice_robot/install/voice_control/lib/python3.12/site-packages/voice_control
[0.666s] copying /home/eren/ern/projects/ROS-Projects-for-beginers/voice_robot/build/voice_control/build/lib/voice_control/voice_control.py -> /home/eren/ern/projects/ROS-Projects-for-beginers/voice_robot/install/voice_control/lib/python3.12/site-packages/voice_control
[0.666s] byte-compiling /home/eren/ern/projects/ROS-Projects-for-beginers/voice_robot/install/voice_control/lib/python3.12/site-packages/voice_control/__init__.py to __init__.cpython-312.pyc
[0.666s] byte-compiling /home/eren/ern/projects/ROS-Projects-for-beginers/voice_robot/install/voice_control/lib/python3.12/site-packages/voice_control/voice_control.py to voice_control.cpython-312.pyc
[0.667s] running install_data
[0.667s] creating /home/eren/ern/projects/ROS-Projects-for-beginers/voice_robot/install/voice_control/share/ament_index
[0.667s] creating /home/eren/ern/projects/ROS-Projects-for-beginers/voice_robot/install/voice_control/share/ament_index/resource_index
[0.667s] creating /home/eren/ern/projects/ROS-Projects-for-beginers/voice_robot/install/voice_control/share/ament_index/resource_index/packages
[0.667s] copying resource/voice_control -> /home/eren/ern/projects/ROS-Projects-for-beginers/voice_robot/install/voice_control/share/ament_index/resource_index/packages
[0.667s] copying package.xml -> /home/eren/ern/projects/ROS-Projects-for-beginers/voice_robot/install/voice_control/share/voice_control
[0.667s] running install_egg_info
[0.679s] Copying ../../build/voice_control/voice_control.egg-info to /home/eren/ern/projects/ROS-Projects-for-beginers/voice_robot/install/voice_control/lib/python3.12/site-packages/voice_control-0.0.0-py3.12.egg-info
[0.679s] running install_scripts
[0.752s] Installing voice_control script to /home/eren/ern/projects/ROS-Projects-for-beginers/voice_robot/install/voice_control/lib/voice_control
[0.752s] writing list of installed files to '/home/eren/ern/projects/ROS-Projects-for-beginers/voice_robot/build/voice_control/install.log'
[0.767s] Invoked command in '/home/eren/ern/projects/ROS-Projects-for-beginers/voice_robot/src/voice_control' returned '0': DEBUGINFOD_URLS=https://debuginfod.ubuntu.com PYTHONPATH=/home/eren/ern/projects/ROS-Projects-for-beginers/voice_robot/build/voice_control/prefix_override:/usr/lib/python3/dist-packages/colcon_core/task/python/colcon_distutils_commands:/home/eren/ern/projects/ROS-Projects-for-beginers/voice_robot/install/voice_control/lib/python3.12/site-packages:${PYTHONPATH} /usr/bin/python3 -W ignore:setup.py install is deprecated -W ignore:easy_install command is deprecated setup.py egg_info --egg-base ../../build/voice_control build --build-base /home/eren/ern/projects/ROS-Projects-for-beginers/voice_robot/build/voice_control/build install --record /home/eren/ern/projects/ROS-Projects-for-beginers/voice_robot/build/voice_control/install.log --single-version-externally-managed install_data
