running egg_info
creating ../../../build/turtle_hunter/turtle_hunter.egg-info
writing ../../../build/turtle_hunter/turtle_hunter.egg-info/PKG-INFO
writing dependency_links to ../../../build/turtle_hunter/turtle_hunter.egg-info/dependency_links.txt
writing entry points to ../../../build/turtle_hunter/turtle_hunter.egg-info/entry_points.txt
writing requirements to ../../../build/turtle_hunter/turtle_hunter.egg-info/requires.txt
writing top-level names to ../../../build/turtle_hunter/turtle_hunter.egg-info/top_level.txt
writing manifest file '../../../build/turtle_hunter/turtle_hunter.egg-info/SOURCES.txt'
reading manifest file '../../../build/turtle_hunter/turtle_hunter.egg-info/SOURCES.txt'
writing manifest file '../../../build/turtle_hunter/turtle_hunter.egg-info/SOURCES.txt'
running build
running build_py
creating /home/eren/ern/projects/ROS-Projects-for-beginers/build/turtle_hunter/build
creating /home/eren/ern/projects/ROS-Projects-for-beginers/build/turtle_hunter/build/lib
creating /home/eren/ern/projects/ROS-Projects-for-beginers/build/turtle_hunter/build/lib/turtle_hunter
copying turtle_hunter/hunting.py -> /home/eren/ern/projects/ROS-Projects-for-beginers/build/turtle_hunter/build/lib/turtle_hunter
copying turtle_hunter/__init__.py -> /home/eren/ern/projects/ROS-Projects-for-beginers/build/turtle_hunter/build/lib/turtle_hunter
running install
running install_lib
creating /home/eren/ern/projects/ROS-Projects-for-beginers/install/turtle_hunter/lib/python3.12/site-packages/turtle_hunter
copying /home/eren/ern/projects/ROS-Projects-for-beginers/build/turtle_hunter/build/lib/turtle_hunter/hunting.py -> /home/eren/ern/projects/ROS-Projects-for-beginers/install/turtle_hunter/lib/python3.12/site-packages/turtle_hunter
copying /home/eren/ern/projects/ROS-Projects-for-beginers/build/turtle_hunter/build/lib/turtle_hunter/__init__.py -> /home/eren/ern/projects/ROS-Projects-for-beginers/install/turtle_hunter/lib/python3.12/site-packages/turtle_hunter
byte-compiling /home/eren/ern/projects/ROS-Projects-for-beginers/install/turtle_hunter/lib/python3.12/site-packages/turtle_hunter/hunting.py to hunting.cpython-312.pyc
byte-compiling /home/eren/ern/projects/ROS-Projects-for-beginers/install/turtle_hunter/lib/python3.12/site-packages/turtle_hunter/__init__.py to __init__.cpython-312.pyc
running install_data
creating /home/eren/ern/projects/ROS-Projects-for-beginers/install/turtle_hunter/share/ament_index
creating /home/eren/ern/projects/ROS-Projects-for-beginers/install/turtle_hunter/share/ament_index/resource_index
creating /home/eren/ern/projects/ROS-Projects-for-beginers/install/turtle_hunter/share/ament_index/resource_index/packages
copying resource/turtle_hunter -> /home/eren/ern/projects/ROS-Projects-for-beginers/install/turtle_hunter/share/ament_index/resource_index/packages
copying package.xml -> /home/eren/ern/projects/ROS-Projects-for-beginers/install/turtle_hunter/share/turtle_hunter
running install_egg_info
Copying ../../../build/turtle_hunter/turtle_hunter.egg-info to /home/eren/ern/projects/ROS-Projects-for-beginers/install/turtle_hunter/lib/python3.12/site-packages/turtle_hunter-0.0.0-py3.12.egg-info
running install_scripts
Installing hunting script to /home/eren/ern/projects/ROS-Projects-for-beginers/install/turtle_hunter/lib/turtle_hunter
writing list of installed files to '/home/eren/ern/projects/ROS-Projects-for-beginers/build/turtle_hunter/install.log'
