[0.537s] Invoking command in '/home/eren/ern/projects/ROS-Projects-for-beginers/hunt_ws/src/turtle_hunter': DEBUGINFOD_URLS=https://debuginfod.ubuntu.com PYTHONPATH=/home/eren/ern/projects/ROS-Projects-for-beginers/build/turtle_hunter/prefix_override:/usr/lib/python3/dist-packages/colcon_core/task/python/colcon_distutils_commands:/home/eren/ern/projects/ROS-Projects-for-beginers/install/turtle_hunter/lib/python3.12/site-packages:${PYTHONPATH} /usr/bin/python3 -W ignore:setup.py install is deprecated -W ignore:easy_install command is deprecated setup.py egg_info --egg-base ../../../build/turtle_hunter build --build-base /home/eren/ern/projects/ROS-Projects-for-beginers/build/turtle_hunter/build install --record /home/eren/ern/projects/ROS-Projects-for-beginers/build/turtle_hunter/install.log --single-version-externally-managed install_data
[0.685s] running egg_info
[0.685s] creating ../../../build/turtle_hunter/turtle_hunter.egg-info
[0.695s] writing ../../../build/turtle_hunter/turtle_hunter.egg-info/PKG-INFO
[0.695s] writing dependency_links to ../../../build/turtle_hunter/turtle_hunter.egg-info/dependency_links.txt
[0.695s] writing entry points to ../../../build/turtle_hunter/turtle_hunter.egg-info/entry_points.txt
[0.695s] writing requirements to ../../../build/turtle_hunter/turtle_hunter.egg-info/requires.txt
[0.695s] writing top-level names to ../../../build/turtle_hunter/turtle_hunter.egg-info/top_level.txt
[0.695s] writing manifest file '../../../build/turtle_hunter/turtle_hunter.egg-info/SOURCES.txt'
[0.715s] reading manifest file '../../../build/turtle_hunter/turtle_hunter.egg-info/SOURCES.txt'
[0.715s] writing manifest file '../../../build/turtle_hunter/turtle_hunter.egg-info/SOURCES.txt'
[0.715s] running build
[0.715s] running build_py
[0.715s] creating /home/eren/ern/projects/ROS-Projects-for-beginers/build/turtle_hunter/build
[0.715s] creating /home/eren/ern/projects/ROS-Projects-for-beginers/build/turtle_hunter/build/lib
[0.715s] creating /home/eren/ern/projects/ROS-Projects-for-beginers/build/turtle_hunter/build/lib/turtle_hunter
[0.715s] copying turtle_hunter/hunting.py -> /home/eren/ern/projects/ROS-Projects-for-beginers/build/turtle_hunter/build/lib/turtle_hunter
[0.715s] copying turtle_hunter/__init__.py -> /home/eren/ern/projects/ROS-Projects-for-beginers/build/turtle_hunter/build/lib/turtle_hunter
[0.716s] running install
[0.719s] running install_lib
[0.728s] creating /home/eren/ern/projects/ROS-Projects-for-beginers/install/turtle_hunter/lib/python3.12/site-packages/turtle_hunter
[0.729s] copying /home/eren/ern/projects/ROS-Projects-for-beginers/build/turtle_hunter/build/lib/turtle_hunter/hunting.py -> /home/eren/ern/projects/ROS-Projects-for-beginers/install/turtle_hunter/lib/python3.12/site-packages/turtle_hunter
[0.729s] copying /home/eren/ern/projects/ROS-Projects-for-beginers/build/turtle_hunter/build/lib/turtle_hunter/__init__.py -> /home/eren/ern/projects/ROS-Projects-for-beginers/install/turtle_hunter/lib/python3.12/site-packages/turtle_hunter
[0.729s] byte-compiling /home/eren/ern/projects/ROS-Projects-for-beginers/install/turtle_hunter/lib/python3.12/site-packages/turtle_hunter/hunting.py to hunting.cpython-312.pyc
[0.730s] byte-compiling /home/eren/ern/projects/ROS-Projects-for-beginers/install/turtle_hunter/lib/python3.12/site-packages/turtle_hunter/__init__.py to __init__.cpython-312.pyc
[0.730s] running install_data
[0.730s] creating /home/eren/ern/projects/ROS-Projects-for-beginers/install/turtle_hunter/share/ament_index
[0.730s] creating /home/eren/ern/projects/ROS-Projects-for-beginers/install/turtle_hunter/share/ament_index/resource_index
[0.730s] creating /home/eren/ern/projects/ROS-Projects-for-beginers/install/turtle_hunter/share/ament_index/resource_index/packages
[0.730s] copying resource/turtle_hunter -> /home/eren/ern/projects/ROS-Projects-for-beginers/install/turtle_hunter/share/ament_index/resource_index/packages
[0.730s] copying package.xml -> /home/eren/ern/projects/ROS-Projects-for-beginers/install/turtle_hunter/share/turtle_hunter
[0.730s] running install_egg_info
[0.741s] Copying ../../../build/turtle_hunter/turtle_hunter.egg-info to /home/eren/ern/projects/ROS-Projects-for-beginers/install/turtle_hunter/lib/python3.12/site-packages/turtle_hunter-0.0.0-py3.12.egg-info
[0.741s] running install_scripts
[0.806s] Installing hunting script to /home/eren/ern/projects/ROS-Projects-for-beginers/install/turtle_hunter/lib/turtle_hunter
[0.807s] writing list of installed files to '/home/eren/ern/projects/ROS-Projects-for-beginers/build/turtle_hunter/install.log'
[0.821s] Invoked command in '/home/eren/ern/projects/ROS-Projects-for-beginers/hunt_ws/src/turtle_hunter' returned '0': DEBUGINFOD_URLS=https://debuginfod.ubuntu.com PYTHONPATH=/home/eren/ern/projects/ROS-Projects-for-beginers/build/turtle_hunter/prefix_override:/usr/lib/python3/dist-packages/colcon_core/task/python/colcon_distutils_commands:/home/eren/ern/projects/ROS-Projects-for-beginers/install/turtle_hunter/lib/python3.12/site-packages:${PYTHONPATH} /usr/bin/python3 -W ignore:setup.py install is deprecated -W ignore:easy_install command is deprecated setup.py egg_info --egg-base ../../../build/turtle_hunter build --build-base /home/eren/ern/projects/ROS-Projects-for-beginers/build/turtle_hunter/build install --record /home/eren/ern/projects/ROS-Projects-for-beginers/build/turtle_hunter/install.log --single-version-externally-managed install_data
