[0.456s] Invoking command in '/home/eren/ern/projects/ROS-Projects-for-beginers/otonom_sarj/src/otonom_sarj': DEBUGINFOD_URLS=https://debuginfod.ubuntu.com PYTHONPATH=/home/eren/ern/projects/ROS-Projects-for-beginers/otonom_sarj/build/otonom_sarj/prefix_override:/usr/lib/python3/dist-packages/colcon_core/task/python/colcon_distutils_commands:/home/eren/ern/projects/ROS-Projects-for-beginers/otonom_sarj/install/otonom_sarj/lib/python3.12/site-packages:${PYTHONPATH} /usr/bin/python3 -W ignore:setup.py install is deprecated -W ignore:easy_install command is deprecated setup.py egg_info --egg-base ../../build/otonom_sarj build --build-base /home/eren/ern/projects/ROS-Projects-for-beginers/otonom_sarj/build/otonom_sarj/build install --record /home/eren/ern/projects/ROS-Projects-for-beginers/otonom_sarj/build/otonom_sarj/install.log --single-version-externally-managed install_data
[0.615s] running egg_info
[0.626s] writing ../../build/otonom_sarj/otonom_sarj.egg-info/PKG-INFO
[0.626s] writing dependency_links to ../../build/otonom_sarj/otonom_sarj.egg-info/dependency_links.txt
[0.627s] writing entry points to ../../build/otonom_sarj/otonom_sarj.egg-info/entry_points.txt
[0.627s] writing requirements to ../../build/otonom_sarj/otonom_sarj.egg-info/requires.txt
[0.627s] writing top-level names to ../../build/otonom_sarj/otonom_sarj.egg-info/top_level.txt
[0.649s] reading manifest file '../../build/otonom_sarj/otonom_sarj.egg-info/SOURCES.txt'
[0.649s] writing manifest file '../../build/otonom_sarj/otonom_sarj.egg-info/SOURCES.txt'
[0.649s] running build
[0.649s] running build_py
[0.649s] copying otonom_sarj/otonom_sarj.py -> /home/eren/ern/projects/ROS-Projects-for-beginers/otonom_sarj/build/otonom_sarj/build/lib/otonom_sarj
[0.649s] running install
[0.653s] running install_lib
[0.664s] copying /home/eren/ern/projects/ROS-Projects-for-beginers/otonom_sarj/build/otonom_sarj/build/lib/otonom_sarj/otonom_sarj.py -> /home/eren/ern/projects/ROS-Projects-for-beginers/otonom_sarj/install/otonom_sarj/lib/python3.12/site-packages/otonom_sarj
[0.664s] byte-compiling /home/eren/ern/projects/ROS-Projects-for-beginers/otonom_sarj/install/otonom_sarj/lib/python3.12/site-packages/otonom_sarj/otonom_sarj.py to otonom_sarj.cpython-312.pyc
[0.665s] running install_data
[0.665s] running install_egg_info
[0.676s] removing '/home/eren/ern/projects/ROS-Projects-for-beginers/otonom_sarj/install/otonom_sarj/lib/python3.12/site-packages/otonom_sarj-0.0.0-py3.12.egg-info' (and everything under it)
[0.676s] Copying ../../build/otonom_sarj/otonom_sarj.egg-info to /home/eren/ern/projects/ROS-Projects-for-beginers/otonom_sarj/install/otonom_sarj/lib/python3.12/site-packages/otonom_sarj-0.0.0-py3.12.egg-info
[0.676s] running install_scripts
[0.747s] Installing otonom_sarj script to /home/eren/ern/projects/ROS-Projects-for-beginers/otonom_sarj/install/otonom_sarj/lib/otonom_sarj
[0.747s] writing list of installed files to '/home/eren/ern/projects/ROS-Projects-for-beginers/otonom_sarj/build/otonom_sarj/install.log'
[0.763s] Invoked command in '/home/eren/ern/projects/ROS-Projects-for-beginers/otonom_sarj/src/otonom_sarj' returned '0': DEBUGINFOD_URLS=https://debuginfod.ubuntu.com PYTHONPATH=/home/eren/ern/projects/ROS-Projects-for-beginers/otonom_sarj/build/otonom_sarj/prefix_override:/usr/lib/python3/dist-packages/colcon_core/task/python/colcon_distutils_commands:/home/eren/ern/projects/ROS-Projects-for-beginers/otonom_sarj/install/otonom_sarj/lib/python3.12/site-packages:${PYTHONPATH} /usr/bin/python3 -W ignore:setup.py install is deprecated -W ignore:easy_install command is deprecated setup.py egg_info --egg-base ../../build/otonom_sarj build --build-base /home/eren/ern/projects/ROS-Projects-for-beginers/otonom_sarj/build/otonom_sarj/build install --record /home/eren/ern/projects/ROS-Projects-for-beginers/otonom_sarj/build/otonom_sarj/install.log --single-version-externally-managed install_data
