running egg_info
writing ../../build/voice_control/voice_control.egg-info/PKG-INFO
writing dependency_links to ../../build/voice_control/voice_control.egg-info/dependency_links.txt
writing entry points to ../../build/voice_control/voice_control.egg-info/entry_points.txt
writing requirements to ../../build/voice_control/voice_control.egg-info/requires.txt
writing top-level names to ../../build/voice_control/voice_control.egg-info/top_level.txt
reading manifest file '../../build/voice_control/voice_control.egg-info/SOURCES.txt'
writing manifest file '../../build/voice_control/voice_control.egg-info/SOURCES.txt'
running build
running build_py
copying voice_control/voice_control.py -> /home/eren/ern/projects/ROS-Projects-for-beginers/voice_robot/build/voice_control/build/lib/voice_control
running install
running install_lib
copying /home/eren/ern/projects/ROS-Projects-for-beginers/voice_robot/build/voice_control/build/lib/voice_control/voice_control.py -> /home/eren/ern/projects/ROS-Projects-for-beginers/voice_robot/install/voice_control/lib/python3.12/site-packages/voice_control
byte-compiling /home/eren/ern/projects/ROS-Projects-for-beginers/voice_robot/install/voice_control/lib/python3.12/site-packages/voice_control/voice_control.py to voice_control.cpython-312.pyc
running install_data
running install_egg_info
removing '/home/eren/ern/projects/ROS-Projects-for-beginers/voice_robot/install/voice_control/lib/python3.12/site-packages/voice_control-0.0.0-py3.12.egg-info' (and everything under it)
Copying ../../build/voice_control/voice_control.egg-info to /home/eren/ern/projects/ROS-Projects-for-beginers/voice_robot/install/voice_control/lib/python3.12/site-packages/voice_control-0.0.0-py3.12.egg-info
running install_scripts
Installing voice_control script to /home/eren/ern/projects/ROS-Projects-for-beginers/voice_robot/install/voice_control/lib/voice_control
writing list of installed files to '/home/eren/ern/projects/ROS-Projects-for-beginers/voice_robot/build/voice_control/install.log'
